<wxlog>
  <threadId>#main</threadId>
  <timestamp>21:33:52:5103</timestamp>
  <msgtype>MsgWXLogLaunch</msgtype>
  <content>[The WXLogger is launched!]</content>
  <stackFrames>
[CALL STACK][0]: Method:WXTextureTools.Application.Options.OptionsConfig..ctor; File:.0
[CALL STACK][1]: Method:WXTextureTools.Application.App..ctor; File:.0
[CALL STACK][2]: Method:WXTextureTools.Program.Main; File:.0
</stackFrames>
</wxlog>
<wxlog>
  <threadId>#main</threadId>
  <timestamp>21:33:52:5193</timestamp>
  <msgtype>MsgMixture</msgtype>
  <content>string|String[]
OptionsConfig,-option=fbDecompress
-classDataPath=D:/UnityHub/UnityProjects/Miaolegemi/Assets\WX-WASM-SDK-V2\Editor/TextureEditor/classdata.tpk
-dataDir=D:/UnityHub/UnityProjects/Miaolegemi/TextToolDatas
-sourcePath=D:/UnityHub/UnityProjects/Miaolegemi/TextToolDatas\slim\backup.txt
</content>
  <stackFrames>
[CALL STACK][0]: Method:WXTextureTools.Application.App..ctor; File:.0
[CALL STACK][1]: Method:WXTextureTools.Program.Main; File:.0
</stackFrames>
</wxlog>
<wxlog>
  <threadId>#main</threadId>
  <timestamp>21:33:52:5203</timestamp>
  <msgtype>MsgMixture</msgtype>
  <content>string|string
UnityBridgeHandler - SetDataDir,D:/UnityHub/UnityProjects/Miaolegemi/TextToolDatas\temp</content>
  <stackFrames>
[CALL STACK][0]: Method:WXTextureTools.Program.Main; File:.0
</stackFrames>
</wxlog>
<wxlog>
  <threadId>#main</threadId>
  <timestamp>21:33:52:5302</timestamp>
  <msgtype>MsgMixture</msgtype>
  <content>string|string
BundlePicRecord initFile,D:/UnityHub/UnityProjects/Miaolegemi/TextToolDatas\FIRSTBUNDLETEXTURES.json</content>
  <stackFrames>
[CALL STACK][0]: Method:WXTextureTools.Application.AppCmdExec.WXFirstBundleDecompressExec.todo; File:.0
[CALL STACK][1]: Method:WXTextureTools.Application.App.process; File:.0
[CALL STACK][2]: Method:WXTextureTools.Application.App..ctor; File:.0
</stackFrames>
</wxlog>
<wxlog>
  <threadId>#main</threadId>
  <timestamp>21:33:52:5312</timestamp>
  <msgtype>MsgMixture</msgtype>
  <content>string|string
BundlePicRecord readAllRecord,{"timestamp":0,"files":[{"path":"D:/UnityHub/UnityProjects/Miaolegemi/TextToolDatas\\slim\\backup.txt","dstPath":null,"md5":"99dfa8a0f2770441","textures":[{"width":128,"height":128,"name":"Soft.c1d63e75","astc":null,"limittype":null},{"width":128,"height":58,"name":"UnityWatermark-small.d7411008","astc":null,"limittype":"1"},{"width":74,"height":71,"name":"EscToExit_back.21b1540e","astc":null,"limittype":"1"},{"width":267,"height":20,"name":"EscToExit_Text.2e1ee8b4","astc":null,"limittype":"1"},{"width":512,"height":94,"name":"UnityWatermark-trial-big.66f46ac8","astc":null,"limittype":"1"},{"width":76,"height":14,"name":"UnityWatermark-trial.60b4e34e","astc":null,"limittype":"1"},{"width":127,"height":17,"name":"UnityWatermark-beta.dd37c61b","astc":null,"limittype":"1"},{"width":148,"height":17,"name":"UnityWatermark-edu.a8c472ae","astc":null,"limittype":"1"},{"width":115,"height":17,"name":"UnityWatermark-dev.ae1fc174","astc":null,"limittype":"1"},{"width":64,"height":64,"name":"WarningSign.59b8d955","astc":null,"limittype":null},{"width":87,"height":13,"name":"UnityWatermark-proto.5084375a","astc":null,"limittype":"1"},{"width":66,"height":17,"name":"UnityWatermarkPlugin-beta.52403834","astc":null,"limittype":"1"},{"width":12,"height":12,"name":"box.643f5df8","astc":null,"limittype":null},{"width":12,"height":12,"name":"button%20active.c15aedb7","astc":null,"limittype":null},{"width":12,"height":12,"name":"button%20hover.42efb15e","astc":null,"limittype":null},{"width":12,"height":12,"name":"button%20on%20hover.2c40c4b8","astc":null,"limittype":null},{"width":12,"height":12,"name":"button%20on.7ff0e5a1","astc":null,"limittype":null},{"width":12,"height":12,"name":"button.bdec6b82","astc":null,"limittype":null},{"width":12,"height":12,"name":"horizontal%20scrollbar%20thumb.4137b46d","astc":null,"limittype":null},{"width":18,"height":15,"name":"horizontal%20scrollbar.0ac38291","astc":null,"limittype":"1"},{"width":8,"height":7,"name":"horizontalslider.722f02b2","astc":null,"limittype":"1"},{"width":8,"height":12,"name":"slider%20thumb%20active.168a62a9","astc":null,"limittype":null},{"width":8,"height":12,"name":"slider%20thumb.a7acef71","astc":null,"limittype":null},{"width":8,"height":12,"name":"slidert%20humb%20hover.0c248117","astc":null,"limittype":null},{"width":14,"height":14,"name":"toggle%20active.e32a2ca9","astc":null,"limittype":"1"},{"width":14,"height":14,"name":"toggle%20hover.614620f6","astc":null,"limittype":"1"},{"width":14,"height":14,"name":"toggle%20on%20hover.528d6b34","astc":null,"limittype":"1"},{"width":14,"height":14,"name":"toggle%20on.1f99750a","astc":null,"limittype":"1"},{"width":14,"height":14,"name":"toggle%20on%20active.9d52caeb","astc":null,"limittype":"1"},{"width":14,"height":14,"name":"toggle.6eafbcb0","astc":null,"limittype":"1"},{"width":12,"height":12,"name":"vertical%20scrollbar%20thumb.7ba97313","astc":null,"limittype":null},{"width":15,"height":18,"name":"vertical%20scrollbar.d38290f1","astc":null,"limittype":"1"},{"width":7,"height":8,"name":"verticalslider.58266f5f","astc":null,"limittype":"1"},{"width":17,"height":27,"name":"window%20on.38a76040","astc":null,"limittype":"1"},{"width":17,"height":27,"name":"window.a62d1258","astc":null,"limittype":"1"},{"width":12,"height":12,"name":"textfield.a75d69ec","astc":null,"limittype":null},{"width":12,"height":12,"name":"textfield%20on.f2c2fb5c","astc":null,"limittype":null},{"width":12,"height":12,"name":"textfield%20hover.8c7ae9d8","astc":null,"limittype":null},{"width":32,"height":32,"name":"UnitySplash-HolographicTrackingLoss.cbf38e69","astc":null,"limittype":null},{"width":2048,"height":1024,"name":"Splash%20Screen%20Unity%20Logo.05ef6840","astc":null,"limittype":null},{"width":32,"height":32,"name":"UISprite.b48f75d0","astc":null,"limittype":null},{"width":32,"height":32,"name":"Background.665e03a7","astc":null,"limittype":null},{"width":64,"height":64,"name":"Knob.dadd3d45","astc":null,"limittype":null},{"width":32,"height":32,"name":"UIMask.09363183","astc":null,"limittype":null},{"width":267,"height":234,"name":"error.5b4073a3","astc":null,"limittype":"1"},{"width":90,"height":100,"name":"bell.330d5b1a","astc":null,"limittype":"1"},{"width":132,"height":91,"name":"setting_back.46499602","astc":null,"limittype":"1"},{"width":100,"height":100,"name":"exit_game_setting.d27754e1","astc":null,"limittype":null},{"width":400,"height":831,"name":"start_background.76b47ab0","astc":null,"limittype":"1"},{"width":240,"height":105,"name":"exit_setting1.971f0cf9","astc":null,"limittype":"1"},{"width":90,"height":100,"name":"carrot.5005baa6","astc":null,"limittype":"1"},{"width":500,"height":200,"name":"start_button.611c7a35","astc":null,"limittype":null},{"width":90,"height":100,"name":"disappear.8447aa2b","astc":null,"limittype":"1"},{"width":512,"height":512,"name":"EmojiOne.9438d40e","astc":null,"limittype":null},{"width":1024,"height":1024,"name":"LiberationSans%20SDF%20Atlas.ac9f1c83","astc":null,"limittype":null}]}]}</content>
  <stackFrames>
[CALL STACK][0]: Method:WXTextureTools.Application.App.process; File:.0
[CALL STACK][1]: Method:WXTextureTools.Application.App..ctor; File:.0
[CALL STACK][2]: Method:WXTextureTools.Program.Main; File:.0
</stackFrames>
</wxlog>
<wxlog>
  <threadId>#main</threadId>
  <timestamp>21:33:53:3941</timestamp>
  <msgtype>MsgMixture</msgtype>
  <content>string|string
BundlePicRecord save,{"timestamp":0,"files":[{"path":"D:/UnityHub/UnityProjects/Miaolegemi/TextToolDatas\\slim\\backup.txt","dstPath":null,"md5":"d8e182a3856fb23a","textures":[{"width":32,"height":32,"name":"UISprite.b48f75d0","astc":null,"limittype":null},{"width":32,"height":32,"name":"Background.665e03a7","astc":null,"limittype":null},{"width":64,"height":64,"name":"Knob.dadd3d45","astc":null,"limittype":null},{"width":267,"height":234,"name":"error.5b4073a3","astc":null,"limittype":"1"},{"width":90,"height":100,"name":"bell.330d5b1a","astc":null,"limittype":"1"},{"width":132,"height":91,"name":"setting_back.46499602","astc":null,"limittype":"1"},{"width":100,"height":100,"name":"exit_game_setting.d27754e1","astc":null,"limittype":null},{"width":400,"height":831,"name":"start_background.76b47ab0","astc":null,"limittype":"1"},{"width":240,"height":105,"name":"exit_setting1.971f0cf9","astc":null,"limittype":"1"},{"width":90,"height":100,"name":"carrot.5005baa6","astc":null,"limittype":"1"},{"width":500,"height":200,"name":"start_button.611c7a35","astc":null,"limittype":null},{"width":90,"height":100,"name":"disappear.8447aa2b","astc":null,"limittype":"1"},{"width":512,"height":512,"name":"EmojiOne.9438d40e","astc":null,"limittype":null},{"width":1024,"height":1024,"name":"LiberationSans%20SDF%20Atlas.ac9f1c83","astc":null,"limittype":null}]}]}</content>
  <stackFrames>
[CALL STACK][0]: Method:WXTextureTools.Application.App.process; File:.0
[CALL STACK][1]: Method:WXTextureTools.Application.App..ctor; File:.0
[CALL STACK][2]: Method:WXTextureTools.Program.Main; File:.0
</stackFrames>
</wxlog>
