Using pre-set license
Built from '2022.3/staging' branch; Version is '2022.3.41f1 (0f988161febf) revision 1022081'; Using compiler version '192829333'; Build Type 'Release'
OS: 'Windows 10  (10.0.19045) 64bit Professional' Language: 'zh' Physical Memory: 32577 MB
BatchMode: 1, IsHumanControllingUs: 0, StartBugReporterOnCrash: 0, Is64bit: 1, IsPro: 1

COMMAND LINE ARGUMENTS:
D:\UnityHub\UnityEditors\Install\2022.3.41f1\Editor\Unity.exe
-adb2
-batchMode
-noUpm
-name
AssetImportWorker2
-projectPath
D:/UnityHub/UnityProjects/Miaolegemi-copy
-logFile
Logs/AssetImportWorker2.log
-srvPort
13190
Successfully changed project path to: D:/UnityHub/UnityProjects/Miaolegemi-copy
D:/UnityHub/UnityProjects/Miaolegemi-copy
[UnityMemory] Configuration Parameters - Can be set up in boot.config
    "memorysetup-bucket-allocator-granularity=16"
    "memorysetup-bucket-allocator-bucket-count=8"
    "memorysetup-bucket-allocator-block-size=33554432"
    "memorysetup-bucket-allocator-block-count=8"
    "memorysetup-main-allocator-block-size=16777216"
    "memorysetup-thread-allocator-block-size=16777216"
    "memorysetup-gfx-main-allocator-block-size=16777216"
    "memorysetup-gfx-thread-allocator-block-size=16777216"
    "memorysetup-cache-allocator-block-size=4194304"
    "memorysetup-typetree-allocator-block-size=2097152"
    "memorysetup-profiler-bucket-allocator-granularity=16"
    "memorysetup-profiler-bucket-allocator-bucket-count=8"
    "memorysetup-profiler-bucket-allocator-block-size=33554432"
    "memorysetup-profiler-bucket-allocator-block-count=8"
    "memorysetup-profiler-allocator-block-size=16777216"
    "memorysetup-profiler-editor-allocator-block-size=1048576"
    "memorysetup-temp-allocator-size-main=16777216"
    "memorysetup-job-temp-allocator-block-size=2097152"
    "memorysetup-job-temp-allocator-block-size-background=1048576"
    "memorysetup-job-temp-allocator-reduction-small-platforms=262144"
    "memorysetup-allocator-temp-initial-block-size-main=262144"
    "memorysetup-allocator-temp-initial-block-size-worker=262144"
    "memorysetup-temp-allocator-size-background-worker=32768"
    "memorysetup-temp-allocator-size-job-worker=262144"
    "memorysetup-temp-allocator-size-preload-manager=33554432"
    "memorysetup-temp-allocator-size-nav-mesh-worker=65536"
    "memorysetup-temp-allocator-size-audio-worker=65536"
    "memorysetup-temp-allocator-size-cloud-worker=32768"
    "memorysetup-temp-allocator-size-gi-baking-worker=262144"
    "memorysetup-temp-allocator-size-gfx=262144"
Player connection [25448]  Target information:

Player connection [25448]  * "[IP] 192.168.1.5 [Port] 0 [Flags] 2 [Guid] 3686317734 [EditorId] 3686317734 [Version] 1048832 [Id] WindowsEditor(7,DESKTOP-DBTF552) [Debug] 1 [PackageName] WindowsEditor [ProjectName] Editor" 

Player connection [25448] Host joined multi-casting on [225.0.0.222:54997]...
Player connection [25448] Host joined alternative multi-casting on [225.0.0.222:34997]...
[PhysX] Initialized MultithreadedTaskDispatcher with 16 workers.
Refreshing native plugins compatible for Editor in 29.50 ms, found 11 plugins.
Preloading 0 native plugins for Editor in 0.00 ms.
Initialize engine version: 2022.3.41f1 (0f988161febf)
[Subsystems] Discovering subsystems at path D:/UnityHub/UnityEditors/Install/2022.3.41f1/Editor/Data/Resources/UnitySubsystems
[Subsystems] Discovering subsystems at path D:/UnityHub/UnityProjects/Miaolegemi-copy/Assets
GfxDevice: creating device client; threaded=0; jobified=0
Direct3D:
    Version:  Direct3D 11.0 [level 11.1]
    Renderer: NVIDIA GeForce RTX 4060 Ti (ID=0x2803)
    Vendor:   NVIDIA
    VRAM:     7963 MB
    Driver:   31.0.15.3623
Initialize mono
Mono path[0] = 'D:/UnityHub/UnityEditors/Install/2022.3.41f1/Editor/Data/Managed'
Mono path[1] = 'D:/UnityHub/UnityEditors/Install/2022.3.41f1/Editor/Data/MonoBleedingEdge/lib/mono/unityjit-win32'
Mono config path = 'D:/UnityHub/UnityEditors/Install/2022.3.41f1/Editor/Data/MonoBleedingEdge/etc'
Using monoOptions --debugger-agent=transport=dt_socket,embedding=1,server=y,suspend=n,address=127.0.0.1:56148
Begin MonoManager ReloadAssembly
Registering precompiled unity dll's ...
Register platform support module: D:/UnityHub/UnityEditors/Install/2022.3.41f1/Editor/Data/PlaybackEngines/WebGLSupport/UnityEditor.WebGL.Extensions.dll
Register platform support module: D:/UnityHub/UnityEditors/Install/2022.3.41f1/Editor/Data/PlaybackEngines/WindowsStandaloneSupport/UnityEditor.WindowsStandalone.Extensions.dll
Registered in 0.005017 seconds.
- Loaded All Assemblies, in  0.318 seconds
Native extension for WindowsStandalone target not found
Native extension for WebGL target not found
Mono: successfully reloaded assembly
- Finished resetting the current domain, in  0.292 seconds
Domain Reload Profiling: 610ms
	BeginReloadAssembly (80ms)
		ExecutionOrderSort (0ms)
		DisableScriptedObjects (0ms)
		BackupInstance (0ms)
		ReleaseScriptingObjects (0ms)
		CreateAndSetChildDomain (1ms)
	RebuildCommonClasses (32ms)
	RebuildNativeTypeToScriptingClass (11ms)
	initialDomainReloadingComplete (52ms)
	LoadAllAssembliesAndSetupDomain (142ms)
		LoadAssemblies (80ms)
		RebuildTransferFunctionScriptingTraits (0ms)
		AnalyzeDomain (140ms)
			TypeCache.Refresh (139ms)
				TypeCache.ScanAssembly (126ms)
			ScanForSourceGeneratedMonoScriptInfo (0ms)
			ResolveRequiredComponents (1ms)
	FinalizeReload (293ms)
		ReleaseScriptCaches (0ms)
		RebuildScriptCaches (0ms)
		SetupLoadedEditorAssemblies (242ms)
			LogAssemblyErrors (0ms)
			InitializePlatformSupportModulesInManaged (11ms)
			SetLoadedEditorAssemblies (6ms)
			RefreshPlugins (0ms)
			BeforeProcessingInitializeOnLoad (3ms)
			ProcessInitializeOnLoadAttributes (168ms)
			ProcessInitializeOnLoadMethodAttributes (53ms)
			AfterProcessingInitializeOnLoad (0ms)
			EditorAssembliesLoaded (0ms)
		ExecutionOrderSort2 (0ms)
		AwakeInstancesAfterBackupRestoration (0ms)
========================================================================
Worker process is ready to serve import requests
Caller must complete domain reload
Begin MonoManager ReloadAssembly
- Loaded All Assemblies, in  0.706 seconds
Native extension for WindowsStandalone target not found
Native extension for WebGL target not found
Package Manager log level set to [2]
[Package Manager] Server::EnsureServerProcessIsRunning -- launch failed, reason: Unity was launched with the -noUpm command-line argument
[Package Manager] UpmClient::Send -- Unable to send message (not connected to UPM process).
[Package Manager] Cannot connect to Unity Package Manager local server
Mono: successfully reloaded assembly
- Finished resetting the current domain, in  0.739 seconds
Domain Reload Profiling: 1445ms
	BeginReloadAssembly (143ms)
		ExecutionOrderSort (0ms)
		DisableScriptedObjects (6ms)
		BackupInstance (0ms)
		ReleaseScriptingObjects (0ms)
		CreateAndSetChildDomain (19ms)
	RebuildCommonClasses (36ms)
	RebuildNativeTypeToScriptingClass (12ms)
	initialDomainReloadingComplete (43ms)
	LoadAllAssembliesAndSetupDomain (472ms)
		LoadAssemblies (366ms)
		RebuildTransferFunctionScriptingTraits (0ms)
		AnalyzeDomain (188ms)
			TypeCache.Refresh (155ms)
				TypeCache.ScanAssembly (139ms)
			ScanForSourceGeneratedMonoScriptInfo (25ms)
			ResolveRequiredComponents (6ms)
	FinalizeReload (740ms)
		ReleaseScriptCaches (0ms)
		RebuildScriptCaches (0ms)
		SetupLoadedEditorAssemblies (582ms)
			LogAssemblyErrors (0ms)
			InitializePlatformSupportModulesInManaged (8ms)
			SetLoadedEditorAssemblies (5ms)
			RefreshPlugins (0ms)
			BeforeProcessingInitializeOnLoad (107ms)
			ProcessInitializeOnLoadAttributes (421ms)
			ProcessInitializeOnLoadMethodAttributes (38ms)
			AfterProcessingInitializeOnLoad (3ms)
			EditorAssembliesLoaded (0ms)
		ExecutionOrderSort2 (0ms)
		AwakeInstancesAfterBackupRestoration (7ms)
Launched and connected shader compiler UnityShaderCompiler.exe after 0.03 seconds
Refreshing native plugins compatible for Editor in 3.64 ms, found 11 plugins.
Preloading 0 native plugins for Editor in 0.00 ms.
Unloading 4109 Unused Serialized files (Serialized files now loaded: 0)
Unloading 42 unused Assets / (58.6 KB). Loaded Objects now: 4593.
Memory consumption went from 146.7 MB to 146.7 MB.
Total: 2.418200 ms (FindLiveObjects: 0.420600 ms CreateObjectMapping: 0.086600 ms MarkObjects: 1.777000 ms  DeleteObjects: 0.133000 ms)

AssetImportParameters requested are different than current active one (requested -> active):
  custom:container-demuxer-ogg: 62fdf1f143b41e24485cea50d1cbac27 -> 
  custom:video-decoder-ogg-theora: a1e56fd34408186e4bbccfd4996cb3dc -> 
  custom:framework-win-MediaFoundation: 216162199b28c13a410421893ffa2e32 -> 
  custom:CustomObjectIndexerAttribute: 9a22284fe3817be447336de3de66b15e -> 
  custom:container-demuxer-webm: 4f35f7cbe854078d1ac9338744f61a02 -> 
  custom:container-muxer-webm: aa71ff27fc2769a1b78a27578f13a17b -> 
  custom:video-decoder-webm-vp8: 9c59270c3fd7afecdb556c50c9e8de78 -> 
  custom:SearchIndexIgnoredProperties: e643bd26f0fe6173181afceb89e7c659 -> 
  custom:AudioImporter_EditorPlatform: d09bf68614088b80899f8185d706f6e7 -> 
  custom:video-encoder-webm-vp8: eb34c28f22e8b96e1ab97ce403110664 -> 
  custom:audio-decoder-ogg-vorbis: bf7c407c2cedff20999df2af8eb42d56 -> 
  custom:audio-encoder-webm-vorbis: bf7c407c2cedff20999df2af8eb42d56 -> 
========================================================================
Received Import Request.
  Time since last request: 324162.837854 seconds.
  path: Assets/MyGame/Sprites/Cats/00036-6695971868.png
  artifactKey: Guid(396a75bddb50ff74a926364f0179890b) Importer(815301076,1909f56bfc062723c751e8b465ee728b)
Start importing Assets/MyGame/Sprites/Cats/00036-6695971868.png using Guid(396a75bddb50ff74a926364f0179890b) Importer(815301076,1909f56bfc062723c751e8b465ee728b) [PhysX] Initialized MultithreadedTaskDispatcher with 16 workers.
[PhysX] Initialized MultithreadedTaskDispatcher with 16 workers.
 -> (artifact id: '2347d8c44419144b48fedaff1e65cd38') in 0.103639 seconds
Number of updated asset objects reloaded before import = 0
Number of asset objects unloaded after import = 3
========================================================================
Received Import Request.
  Time since last request: 7.874442 seconds.
  path: Assets/MyGame/Sprites/Cats/00064-6695971896.png
  artifactKey: Guid(afb03e7cd0c80f44089b60e43154ea34) Importer(815301076,1909f56bfc062723c751e8b465ee728b)
Start importing Assets/MyGame/Sprites/Cats/00064-6695971896.png using Guid(afb03e7cd0c80f44089b60e43154ea34) Importer(815301076,1909f56bfc062723c751e8b465ee728b) [PhysX] Initialized MultithreadedTaskDispatcher with 16 workers.
[PhysX] Initialized MultithreadedTaskDispatcher with 16 workers.
 -> (artifact id: '57870b8f253e9aa02951a88463cd0427') in 0.059483 seconds
Number of updated asset objects reloaded before import = 0
Number of asset objects unloaded after import = 3
========================================================================
Received Import Request.
  Time since last request: 10.579454 seconds.
  path: Assets/MyGame/Sprites/Cats/00078-6695971910.png
  artifactKey: Guid(67bee78e817c910449ffd4ce31f9ae6a) Importer(815301076,1909f56bfc062723c751e8b465ee728b)
Start importing Assets/MyGame/Sprites/Cats/00078-6695971910.png using Guid(67bee78e817c910449ffd4ce31f9ae6a) Importer(815301076,1909f56bfc062723c751e8b465ee728b) [PhysX] Initialized MultithreadedTaskDispatcher with 16 workers.
[PhysX] Initialized MultithreadedTaskDispatcher with 16 workers.
 -> (artifact id: 'afca7b5e54cd3b5d4b6b4c13a59f0c73') in 0.013664 seconds
Number of updated asset objects reloaded before import = 0
Number of asset objects unloaded after import = 3
========================================================================
Received Import Request.
  Time since last request: 10.734882 seconds.
  path: Assets/MyGame/Sprites/Cats/00113-6695971945.png
  artifactKey: Guid(04772df4d0a5dd44abfc1bf55de2d2b9) Importer(815301076,1909f56bfc062723c751e8b465ee728b)
Start importing Assets/MyGame/Sprites/Cats/00113-6695971945.png using Guid(04772df4d0a5dd44abfc1bf55de2d2b9) Importer(815301076,1909f56bfc062723c751e8b465ee728b) [PhysX] Initialized MultithreadedTaskDispatcher with 16 workers.
[PhysX] Initialized MultithreadedTaskDispatcher with 16 workers.
 -> (artifact id: '3b74ade796c7b377edd0dae7a41271d6') in 0.018796 seconds
Number of updated asset objects reloaded before import = 0
Number of asset objects unloaded after import = 3
========================================================================
Received Import Request.
  Time since last request: 3.638511 seconds.
  path: Assets/MyGame/Sprites/Cats/00108-6695971940.png
  artifactKey: Guid(c59d79ff7d8cdca42a56aec4001ca314) Importer(815301076,1909f56bfc062723c751e8b465ee728b)
Start importing Assets/MyGame/Sprites/Cats/00108-6695971940.png using Guid(c59d79ff7d8cdca42a56aec4001ca314) Importer(815301076,1909f56bfc062723c751e8b465ee728b) [PhysX] Initialized MultithreadedTaskDispatcher with 16 workers.
[PhysX] Initialized MultithreadedTaskDispatcher with 16 workers.
 -> (artifact id: '7c30e38f3955b0a1d596a43914715fbe') in 0.012132 seconds
Number of updated asset objects reloaded before import = 0
Number of asset objects unloaded after import = 3
========================================================================
Received Import Request.
  Time since last request: 17.144499 seconds.
  path: Assets/MyGame/Sprites/Cats/00126-6695971958.png
  artifactKey: Guid(0f9def70f02b8ec47a3998e03f0debb7) Importer(815301076,1909f56bfc062723c751e8b465ee728b)
Start importing Assets/MyGame/Sprites/Cats/00126-6695971958.png using Guid(0f9def70f02b8ec47a3998e03f0debb7) Importer(815301076,1909f56bfc062723c751e8b465ee728b) [PhysX] Initialized MultithreadedTaskDispatcher with 16 workers.
[PhysX] Initialized MultithreadedTaskDispatcher with 16 workers.
 -> (artifact id: 'f3bf5b20bdfbfd82a1591f1d9bee34df') in 0.016098 seconds
Number of updated asset objects reloaded before import = 0
Number of asset objects unloaded after import = 3
========================================================================
Received Import Request.
  Time since last request: 10.901306 seconds.
  path: Assets/MyGame/Sprites/Cats/00149-6695971981.png
  artifactKey: Guid(8ff62500ffc983e48848d7790cbcd4ec) Importer(815301076,1909f56bfc062723c751e8b465ee728b)
Start importing Assets/MyGame/Sprites/Cats/00149-6695971981.png using Guid(8ff62500ffc983e48848d7790cbcd4ec) Importer(815301076,1909f56bfc062723c751e8b465ee728b) [PhysX] Initialized MultithreadedTaskDispatcher with 16 workers.
[PhysX] Initialized MultithreadedTaskDispatcher with 16 workers.
 -> (artifact id: 'b47b2622ed722a67a1f2132968187cdf') in 0.039265 seconds
Number of updated asset objects reloaded before import = 0
Number of asset objects unloaded after import = 3
========================================================================
Received Import Request.
  Time since last request: 5.654811 seconds.
  path: Assets/MyGame/Sprites/Cats/00154-6695971986.png
  artifactKey: Guid(b55eab3639194324f9a3858874ce4966) Importer(815301076,1909f56bfc062723c751e8b465ee728b)
Start importing Assets/MyGame/Sprites/Cats/00154-6695971986.png using Guid(b55eab3639194324f9a3858874ce4966) Importer(815301076,1909f56bfc062723c751e8b465ee728b) [PhysX] Initialized MultithreadedTaskDispatcher with 16 workers.
[PhysX] Initialized MultithreadedTaskDispatcher with 16 workers.
 -> (artifact id: '5993e6da70bbd7256ce6ec5aa2ec2d85') in 0.023926 seconds
Number of updated asset objects reloaded before import = 0
Number of asset objects unloaded after import = 3
========================================================================
Received Import Request.
  Time since last request: 34.288918 seconds.
  path: Assets/MyGame/Sprites/Cats/00237-6695972069.png
  artifactKey: Guid(61f2dc097753cc040be01da15aced92e) Importer(815301076,1909f56bfc062723c751e8b465ee728b)
Start importing Assets/MyGame/Sprites/Cats/00237-6695972069.png using Guid(61f2dc097753cc040be01da15aced92e) Importer(815301076,1909f56bfc062723c751e8b465ee728b) [PhysX] Initialized MultithreadedTaskDispatcher with 16 workers.
[PhysX] Initialized MultithreadedTaskDispatcher with 16 workers.
 -> (artifact id: 'de9fc6f4f9d1d0a2a7e55d97fc06055f') in 0.013964 seconds
Number of updated asset objects reloaded before import = 0
Number of asset objects unloaded after import = 3
========================================================================
Received Import Request.
  Time since last request: 31.970765 seconds.
  path: Assets/MyGame/Sprites/Cats/00014-8392631829.png
  artifactKey: Guid(9fe41ed3b5cb2a643ac007102336cd93) Importer(815301076,1909f56bfc062723c751e8b465ee728b)
Start importing Assets/MyGame/Sprites/Cats/00014-8392631829.png using Guid(9fe41ed3b5cb2a643ac007102336cd93) Importer(815301076,1909f56bfc062723c751e8b465ee728b) [PhysX] Initialized MultithreadedTaskDispatcher with 16 workers.
[PhysX] Initialized MultithreadedTaskDispatcher with 16 workers.
 -> (artifact id: '9298d801836946997956591f193d94a3') in 0.014703 seconds
Number of updated asset objects reloaded before import = 0
Number of asset objects unloaded after import = 3
========================================================================
Received Import Request.
  Time since last request: 8.427639 seconds.
  path: Assets/MyGame/Sprites/Cats/00018-8392631833.png
  artifactKey: Guid(1772caa6c9a47f4479535b93d81b0c85) Importer(815301076,1909f56bfc062723c751e8b465ee728b)
Start importing Assets/MyGame/Sprites/Cats/00018-8392631833.png using Guid(1772caa6c9a47f4479535b93d81b0c85) Importer(815301076,1909f56bfc062723c751e8b465ee728b) [PhysX] Initialized MultithreadedTaskDispatcher with 16 workers.
[PhysX] Initialized MultithreadedTaskDispatcher with 16 workers.
 -> (artifact id: '320c24a09ea23fb020888cc76e62fab9') in 0.070688 seconds
Number of updated asset objects reloaded before import = 0
Number of asset objects unloaded after import = 3
========================================================================
Received Import Request.
  Time since last request: 2.397444 seconds.
  path: Assets/MyGame/Sprites/Cats/00024-8392631839.png
  artifactKey: Guid(ac04decff23d60148af2e326014fe7d8) Importer(815301076,1909f56bfc062723c751e8b465ee728b)
Start importing Assets/MyGame/Sprites/Cats/00024-8392631839.png using Guid(ac04decff23d60148af2e326014fe7d8) Importer(815301076,1909f56bfc062723c751e8b465ee728b) [PhysX] Initialized MultithreadedTaskDispatcher with 16 workers.
[PhysX] Initialized MultithreadedTaskDispatcher with 16 workers.
 -> (artifact id: 'e54b80c1b7ee3b6c0e9d643783b846b2') in 0.017548 seconds
Number of updated asset objects reloaded before import = 0
Number of asset objects unloaded after import = 3
========================================================================
Received Import Request.
  Time since last request: 12.262722 seconds.
  path: Assets/MyGame/Sprites/Cats/00037-8392631852.png
  artifactKey: Guid(f8358d9ad0c56ea4f9c603b71e31978c) Importer(815301076,1909f56bfc062723c751e8b465ee728b)
Start importing Assets/MyGame/Sprites/Cats/00037-8392631852.png using Guid(f8358d9ad0c56ea4f9c603b71e31978c) Importer(815301076,1909f56bfc062723c751e8b465ee728b) [PhysX] Initialized MultithreadedTaskDispatcher with 16 workers.
[PhysX] Initialized MultithreadedTaskDispatcher with 16 workers.
 -> (artifact id: '3cb3a00eba7ef3276b0cf1139b1c3943') in 0.023747 seconds
Number of updated asset objects reloaded before import = 0
Number of asset objects unloaded after import = 3
========================================================================
Received Import Request.
  Time since last request: 2.923138 seconds.
  path: Assets/MyGame/Sprites/Cats/00036-8392631851.png
  artifactKey: Guid(b7f2715782036464ebf7001e0cdb164f) Importer(815301076,1909f56bfc062723c751e8b465ee728b)
Start importing Assets/MyGame/Sprites/Cats/00036-8392631851.png using Guid(b7f2715782036464ebf7001e0cdb164f) Importer(815301076,1909f56bfc062723c751e8b465ee728b) [PhysX] Initialized MultithreadedTaskDispatcher with 16 workers.
[PhysX] Initialized MultithreadedTaskDispatcher with 16 workers.
 -> (artifact id: '373de4041608e56a13e149d40e10d505') in 0.015159 seconds
Number of updated asset objects reloaded before import = 0
Number of asset objects unloaded after import = 3
========================================================================
Received Import Request.
  Time since last request: 6.958589 seconds.
  path: Assets/MyGame/Sprites/Cats/00050-8392631865.png
  artifactKey: Guid(c86199f8c3b68b84b8e682b3dd0c4693) Importer(815301076,1909f56bfc062723c751e8b465ee728b)
Start importing Assets/MyGame/Sprites/Cats/00050-8392631865.png using Guid(c86199f8c3b68b84b8e682b3dd0c4693) Importer(815301076,1909f56bfc062723c751e8b465ee728b) [PhysX] Initialized MultithreadedTaskDispatcher with 16 workers.
[PhysX] Initialized MultithreadedTaskDispatcher with 16 workers.
 -> (artifact id: '0c227a83bbbbebc35f9b4b3a61f8c78a') in 0.015702 seconds
Number of updated asset objects reloaded before import = 0
Number of asset objects unloaded after import = 3
========================================================================
Received Import Request.
  Time since last request: 80.586990 seconds.
  path: Assets/MyGame/Sprites/Cats/00169-8392631984.png
  artifactKey: Guid(e84624d31166afc43848ae24a9e57c8e) Importer(815301076,1909f56bfc062723c751e8b465ee728b)
Start importing Assets/MyGame/Sprites/Cats/00169-8392631984.png using Guid(e84624d31166afc43848ae24a9e57c8e) Importer(815301076,1909f56bfc062723c751e8b465ee728b) [PhysX] Initialized MultithreadedTaskDispatcher with 16 workers.
[PhysX] Initialized MultithreadedTaskDispatcher with 16 workers.
 -> (artifact id: '3ccd3d422c4266da96b653b8a0d9f631') in 0.017171 seconds
Number of updated asset objects reloaded before import = 0
Number of asset objects unloaded after import = 3
========================================================================
Received Import Request.
  Time since last request: 34.479128 seconds.
  path: Assets/MyGame/Sprites/Cats/00205-8392632020.png
  artifactKey: Guid(c4b5b3e38c491514fa09047b3297f139) Importer(815301076,1909f56bfc062723c751e8b465ee728b)
Start importing Assets/MyGame/Sprites/Cats/00205-8392632020.png using Guid(c4b5b3e38c491514fa09047b3297f139) Importer(815301076,1909f56bfc062723c751e8b465ee728b) [PhysX] Initialized MultithreadedTaskDispatcher with 16 workers.
[PhysX] Initialized MultithreadedTaskDispatcher with 16 workers.
 -> (artifact id: '04daa8a3d10f1ffa0e61bc9b00aee04a') in 0.027164 seconds
Number of updated asset objects reloaded before import = 0
Number of asset objects unloaded after import = 3
========================================================================
Received Import Request.
  Time since last request: 4.701948 seconds.
  path: Assets/MyGame/Sprites/Cats/00211-8392632026.png
  artifactKey: Guid(f12b4d8c158dde649900bc48c4d179fa) Importer(815301076,1909f56bfc062723c751e8b465ee728b)
Start importing Assets/MyGame/Sprites/Cats/00211-8392632026.png using Guid(f12b4d8c158dde649900bc48c4d179fa) Importer(815301076,1909f56bfc062723c751e8b465ee728b) [PhysX] Initialized MultithreadedTaskDispatcher with 16 workers.
[PhysX] Initialized MultithreadedTaskDispatcher with 16 workers.
 -> (artifact id: '0472cf1d7e9e6f3b36b416abfd757a0a') in 0.013294 seconds
Number of updated asset objects reloaded before import = 0
Number of asset objects unloaded after import = 3
========================================================================
Received Import Request.
  Time since last request: 7.488248 seconds.
  path: Assets/MyGame/Sprites/Cats/00231-8392632046.png
  artifactKey: Guid(00ad1e087858f3a4b8478f8e43e5b58d) Importer(815301076,1909f56bfc062723c751e8b465ee728b)
Start importing Assets/MyGame/Sprites/Cats/00231-8392632046.png using Guid(00ad1e087858f3a4b8478f8e43e5b58d) Importer(815301076,1909f56bfc062723c751e8b465ee728b) [PhysX] Initialized MultithreadedTaskDispatcher with 16 workers.
[PhysX] Initialized MultithreadedTaskDispatcher with 16 workers.
 -> (artifact id: 'd52a7c4e8948c253fb8b05f9489f20e5') in 0.029567 seconds
Number of updated asset objects reloaded before import = 0
Number of asset objects unloaded after import = 3
========================================================================
Received Import Request.
  Time since last request: 2.097957 seconds.
  path: Assets/MyGame/Sprites/Cats/00235-8392632050.png
  artifactKey: Guid(234b8dc18d346754ca0f9f5e6ac6bf0d) Importer(815301076,1909f56bfc062723c751e8b465ee728b)
Start importing Assets/MyGame/Sprites/Cats/00235-8392632050.png using Guid(234b8dc18d346754ca0f9f5e6ac6bf0d) Importer(815301076,1909f56bfc062723c751e8b465ee728b) [PhysX] Initialized MultithreadedTaskDispatcher with 16 workers.
[PhysX] Initialized MultithreadedTaskDispatcher with 16 workers.
 -> (artifact id: 'acda5313d91267ffae3c867e01a9e816') in 0.017051 seconds
Number of updated asset objects reloaded before import = 0
Number of asset objects unloaded after import = 3
========================================================================
Received Import Request.
  Time since last request: 106.349718 seconds.
  path: Assets/MyGame/Sprites/Cats/00200-9082615892.png
  artifactKey: Guid(f66333a334ad6154b8118249b7a01140) Importer(815301076,1909f56bfc062723c751e8b465ee728b)
Start importing Assets/MyGame/Sprites/Cats/00200-9082615892.png using Guid(f66333a334ad6154b8118249b7a01140) Importer(815301076,1909f56bfc062723c751e8b465ee728b) [PhysX] Initialized MultithreadedTaskDispatcher with 16 workers.
[PhysX] Initialized MultithreadedTaskDispatcher with 16 workers.
 -> (artifact id: '529d80cb5d25d8fe016a3cbe22d8cb60') in 0.031794 seconds
Number of updated asset objects reloaded before import = 0
Number of asset objects unloaded after import = 3
========================================================================
Received Import Request.
  Time since last request: 27.221776 seconds.
  path: Assets/MyGame/Sprites/Cats/00234-9082615926.png
  artifactKey: Guid(4a7b2a6edf43e1f468db30695c56463c) Importer(815301076,1909f56bfc062723c751e8b465ee728b)
Start importing Assets/MyGame/Sprites/Cats/00234-9082615926.png using Guid(4a7b2a6edf43e1f468db30695c56463c) Importer(815301076,1909f56bfc062723c751e8b465ee728b) [PhysX] Initialized MultithreadedTaskDispatcher with 16 workers.
[PhysX] Initialized MultithreadedTaskDispatcher with 16 workers.
 -> (artifact id: '0ea2e33b4a3c949e1287704c2d04e7c0') in 0.031519 seconds
Number of updated asset objects reloaded before import = 0
Number of asset objects unloaded after import = 3
========================================================================
Received Import Request.
  Time since last request: 3.572065 seconds.
  path: Assets/MyGame/Sprites/Cats/00237-9082615929.png
  artifactKey: Guid(ae09577c6155be34db9ec3a29b391d56) Importer(815301076,1909f56bfc062723c751e8b465ee728b)
Start importing Assets/MyGame/Sprites/Cats/00237-9082615929.png using Guid(ae09577c6155be34db9ec3a29b391d56) Importer(815301076,1909f56bfc062723c751e8b465ee728b) [PhysX] Initialized MultithreadedTaskDispatcher with 16 workers.
[PhysX] Initialized MultithreadedTaskDispatcher with 16 workers.
 -> (artifact id: '7321857ff3b26aa3643bbfe9ef484963') in 0.020172 seconds
Number of updated asset objects reloaded before import = 0
Number of asset objects unloaded after import = 3
========================================================================
Received Import Request.
  Time since last request: 12.587385 seconds.
  path: Assets/MyGame/Sprites/Cats/1.png
  artifactKey: Guid(fef67979b4b7e284889d69c4c4364c18) Importer(815301076,1909f56bfc062723c751e8b465ee728b)
Start importing Assets/MyGame/Sprites/Cats/1.png using Guid(fef67979b4b7e284889d69c4c4364c18) Importer(815301076,1909f56bfc062723c751e8b465ee728b) [PhysX] Initialized MultithreadedTaskDispatcher with 16 workers.
[PhysX] Initialized MultithreadedTaskDispatcher with 16 workers.
 -> (artifact id: '15b7785c5afc5f11f2a1e14d5782b740') in 0.028391 seconds
Number of updated asset objects reloaded before import = 0
Number of asset objects unloaded after import = 3
========================================================================
Received Import Request.
  Time since last request: 2.585040 seconds.
  path: Assets/MyGame/Sprites/Cats/2.png
  artifactKey: Guid(bf33ec25a93130f4eb5d7b5660960d06) Importer(815301076,1909f56bfc062723c751e8b465ee728b)
Start importing Assets/MyGame/Sprites/Cats/2.png using Guid(bf33ec25a93130f4eb5d7b5660960d06) Importer(815301076,1909f56bfc062723c751e8b465ee728b) [PhysX] Initialized MultithreadedTaskDispatcher with 16 workers.
[PhysX] Initialized MultithreadedTaskDispatcher with 16 workers.
 -> (artifact id: '2432afa2be33e3b4f419baf5cbf43cbc') in 0.015912 seconds
Number of updated asset objects reloaded before import = 0
Number of asset objects unloaded after import = 3
========================================================================
Received Import Request.
  Time since last request: 4.833953 seconds.
  path: Assets/MyGame/Sprites/Cats/3.png
  artifactKey: Guid(9fe41ed3b5cb2a643ac007102336cd93) Importer(815301076,1909f56bfc062723c751e8b465ee728b)
Start importing Assets/MyGame/Sprites/Cats/3.png using Guid(9fe41ed3b5cb2a643ac007102336cd93) Importer(815301076,1909f56bfc062723c751e8b465ee728b) [PhysX] Initialized MultithreadedTaskDispatcher with 16 workers.
[PhysX] Initialized MultithreadedTaskDispatcher with 16 workers.
 -> (artifact id: '6cda845a5e41650e47ff842ce78f1e92') in 0.042603 seconds
Number of updated asset objects reloaded before import = 0
Number of asset objects unloaded after import = 3
========================================================================
Received Import Request.
  Time since last request: 2.683510 seconds.
  path: Assets/MyGame/Sprites/Cats/4.png
  artifactKey: Guid(1772caa6c9a47f4479535b93d81b0c85) Importer(815301076,1909f56bfc062723c751e8b465ee728b)
Start importing Assets/MyGame/Sprites/Cats/4.png using Guid(1772caa6c9a47f4479535b93d81b0c85) Importer(815301076,1909f56bfc062723c751e8b465ee728b) [PhysX] Initialized MultithreadedTaskDispatcher with 16 workers.
[PhysX] Initialized MultithreadedTaskDispatcher with 16 workers.
 -> (artifact id: 'e7353c78de0f603fea91caa7e8dd14f5') in 0.024005 seconds
Number of updated asset objects reloaded before import = 0
Number of asset objects unloaded after import = 3
========================================================================
Received Import Request.
  Time since last request: 2.079942 seconds.
  path: Assets/MyGame/Sprites/Cats/5.png
  artifactKey: Guid(ac04decff23d60148af2e326014fe7d8) Importer(815301076,1909f56bfc062723c751e8b465ee728b)
Start importing Assets/MyGame/Sprites/Cats/5.png using Guid(ac04decff23d60148af2e326014fe7d8) Importer(815301076,1909f56bfc062723c751e8b465ee728b) [PhysX] Initialized MultithreadedTaskDispatcher with 16 workers.
[PhysX] Initialized MultithreadedTaskDispatcher with 16 workers.
 -> (artifact id: 'bcada305e7713f71a180e18ec7639543') in 0.024275 seconds
Number of updated asset objects reloaded before import = 0
Number of asset objects unloaded after import = 3
========================================================================
Received Import Request.
  Time since last request: 2.097092 seconds.
  path: Assets/MyGame/Sprites/Cats/6.png
  artifactKey: Guid(396a75bddb50ff74a926364f0179890b) Importer(815301076,1909f56bfc062723c751e8b465ee728b)
Start importing Assets/MyGame/Sprites/Cats/6.png using Guid(396a75bddb50ff74a926364f0179890b) Importer(815301076,1909f56bfc062723c751e8b465ee728b) [PhysX] Initialized MultithreadedTaskDispatcher with 16 workers.
[PhysX] Initialized MultithreadedTaskDispatcher with 16 workers.
 -> (artifact id: '775f568bd3f1c6994b7ec9df86619e84') in 0.015358 seconds
Number of updated asset objects reloaded before import = 0
Number of asset objects unloaded after import = 3
========================================================================
Received Import Request.
  Time since last request: 2.320811 seconds.
  path: Assets/MyGame/Sprites/Cats/7.png
  artifactKey: Guid(b7f2715782036464ebf7001e0cdb164f) Importer(815301076,1909f56bfc062723c751e8b465ee728b)
Start importing Assets/MyGame/Sprites/Cats/7.png using Guid(b7f2715782036464ebf7001e0cdb164f) Importer(815301076,1909f56bfc062723c751e8b465ee728b) [PhysX] Initialized MultithreadedTaskDispatcher with 16 workers.
[PhysX] Initialized MultithreadedTaskDispatcher with 16 workers.
 -> (artifact id: '4baf1c6ce8bc8fcbf9d74fe16c6f8ada') in 0.025786 seconds
Number of updated asset objects reloaded before import = 0
Number of asset objects unloaded after import = 3
========================================================================
Received Import Request.
  Time since last request: 2.139343 seconds.
  path: Assets/MyGame/Sprites/Cats/8.png
  artifactKey: Guid(f8358d9ad0c56ea4f9c603b71e31978c) Importer(815301076,1909f56bfc062723c751e8b465ee728b)
Start importing Assets/MyGame/Sprites/Cats/8.png using Guid(f8358d9ad0c56ea4f9c603b71e31978c) Importer(815301076,1909f56bfc062723c751e8b465ee728b) [PhysX] Initialized MultithreadedTaskDispatcher with 16 workers.
[PhysX] Initialized MultithreadedTaskDispatcher with 16 workers.
 -> (artifact id: '433b0ef318f2a906619a25738a50520f') in 0.017029 seconds
Number of updated asset objects reloaded before import = 0
Number of asset objects unloaded after import = 3
========================================================================
Received Import Request.
  Time since last request: 2.560357 seconds.
  path: Assets/MyGame/Sprites/Cats/9.png
  artifactKey: Guid(c86199f8c3b68b84b8e682b3dd0c4693) Importer(815301076,1909f56bfc062723c751e8b465ee728b)
Start importing Assets/MyGame/Sprites/Cats/9.png using Guid(c86199f8c3b68b84b8e682b3dd0c4693) Importer(815301076,1909f56bfc062723c751e8b465ee728b) [PhysX] Initialized MultithreadedTaskDispatcher with 16 workers.
[PhysX] Initialized MultithreadedTaskDispatcher with 16 workers.
 -> (artifact id: '13dbaf818e6e30b40599ddf92a6a9799') in 0.009585 seconds
Number of updated asset objects reloaded before import = 0
Number of asset objects unloaded after import = 3
========================================================================
Received Import Request.
  Time since last request: 3.703494 seconds.
  path: Assets/MyGame/Sprites/Cats/10.png
  artifactKey: Guid(afb03e7cd0c80f44089b60e43154ea34) Importer(815301076,1909f56bfc062723c751e8b465ee728b)
Start importing Assets/MyGame/Sprites/Cats/10.png using Guid(afb03e7cd0c80f44089b60e43154ea34) Importer(815301076,1909f56bfc062723c751e8b465ee728b) [PhysX] Initialized MultithreadedTaskDispatcher with 16 workers.
[PhysX] Initialized MultithreadedTaskDispatcher with 16 workers.
 -> (artifact id: '4a688dbe3eeb5dbd6b0a809ec0df773f') in 0.016652 seconds
Number of updated asset objects reloaded before import = 0
Number of asset objects unloaded after import = 3
========================================================================
Received Import Request.
  Time since last request: 3.207726 seconds.
  path: Assets/MyGame/Sprites/Cats/11.png
  artifactKey: Guid(740dd0bf102fb3144973a4081084d2f2) Importer(815301076,1909f56bfc062723c751e8b465ee728b)
Start importing Assets/MyGame/Sprites/Cats/11.png using Guid(740dd0bf102fb3144973a4081084d2f2) Importer(815301076,1909f56bfc062723c751e8b465ee728b) [PhysX] Initialized MultithreadedTaskDispatcher with 16 workers.
[PhysX] Initialized MultithreadedTaskDispatcher with 16 workers.
 -> (artifact id: '7f742dd13472af7712142e17f9278eea') in 0.020056 seconds
Number of updated asset objects reloaded before import = 0
Number of asset objects unloaded after import = 3
========================================================================
Received Import Request.
  Time since last request: 1.926000 seconds.
  path: Assets/MyGame/Sprites/Cats/12.png
  artifactKey: Guid(e493873bab2885844be65adc239c04ff) Importer(815301076,1909f56bfc062723c751e8b465ee728b)
Start importing Assets/MyGame/Sprites/Cats/12.png using Guid(e493873bab2885844be65adc239c04ff) Importer(815301076,1909f56bfc062723c751e8b465ee728b) [PhysX] Initialized MultithreadedTaskDispatcher with 16 workers.
[PhysX] Initialized MultithreadedTaskDispatcher with 16 workers.
 -> (artifact id: 'd6ca4dfcf5bb542e5a33850a6ceed18b') in 0.009598 seconds
Number of updated asset objects reloaded before import = 0
Number of asset objects unloaded after import = 3
========================================================================
Received Import Request.
  Time since last request: 2.618405 seconds.
  path: Assets/MyGame/Sprites/Cats/13.png
  artifactKey: Guid(67bee78e817c910449ffd4ce31f9ae6a) Importer(815301076,1909f56bfc062723c751e8b465ee728b)
Start importing Assets/MyGame/Sprites/Cats/13.png using Guid(67bee78e817c910449ffd4ce31f9ae6a) Importer(815301076,1909f56bfc062723c751e8b465ee728b) [PhysX] Initialized MultithreadedTaskDispatcher with 16 workers.
[PhysX] Initialized MultithreadedTaskDispatcher with 16 workers.
 -> (artifact id: 'dc5bb7d63525e00af128a35ca359794e') in 0.010248 seconds
Number of updated asset objects reloaded before import = 0
Number of asset objects unloaded after import = 3
========================================================================
Received Import Request.
  Time since last request: 2.247959 seconds.
  path: Assets/MyGame/Sprites/Cats/14.png
  artifactKey: Guid(df611e6003d475e4588dcaa5ef0a403d) Importer(815301076,1909f56bfc062723c751e8b465ee728b)
Start importing Assets/MyGame/Sprites/Cats/14.png using Guid(df611e6003d475e4588dcaa5ef0a403d) Importer(815301076,1909f56bfc062723c751e8b465ee728b) [PhysX] Initialized MultithreadedTaskDispatcher with 16 workers.
[PhysX] Initialized MultithreadedTaskDispatcher with 16 workers.
 -> (artifact id: 'b2bc7e5420cb8965adc8945c4024d643') in 0.017567 seconds
Number of updated asset objects reloaded before import = 0
Number of asset objects unloaded after import = 3
========================================================================
Received Import Request.
  Time since last request: 2.251874 seconds.
  path: Assets/MyGame/Sprites/Cats/15.png
  artifactKey: Guid(104765259c7b63a479a393b2215854c2) Importer(815301076,1909f56bfc062723c751e8b465ee728b)
Start importing Assets/MyGame/Sprites/Cats/15.png using Guid(104765259c7b63a479a393b2215854c2) Importer(815301076,1909f56bfc062723c751e8b465ee728b) [PhysX] Initialized MultithreadedTaskDispatcher with 16 workers.
[PhysX] Initialized MultithreadedTaskDispatcher with 16 workers.
 -> (artifact id: 'ae8a83463409c017b1e5ef3aeeb43c43') in 0.031352 seconds
Number of updated asset objects reloaded before import = 0
Number of asset objects unloaded after import = 3
========================================================================
Received Import Request.
  Time since last request: 2.308258 seconds.
  path: Assets/MyGame/Sprites/Cats/16.png
  artifactKey: Guid(7b61b7bc9e46a6846a180a15928dc083) Importer(815301076,1909f56bfc062723c751e8b465ee728b)
Start importing Assets/MyGame/Sprites/Cats/16.png using Guid(7b61b7bc9e46a6846a180a15928dc083) Importer(815301076,1909f56bfc062723c751e8b465ee728b) [PhysX] Initialized MultithreadedTaskDispatcher with 16 workers.
[PhysX] Initialized MultithreadedTaskDispatcher with 16 workers.
 -> (artifact id: 'b078f5426f86950c3d95a2e8909044b0') in 0.017327 seconds
Number of updated asset objects reloaded before import = 0
Number of asset objects unloaded after import = 3
========================================================================
Received Import Request.
  Time since last request: 2.374676 seconds.
  path: Assets/MyGame/Sprites/Cats/17.png
  artifactKey: Guid(3fe4af5536d20de48a611c91de73bc5b) Importer(815301076,1909f56bfc062723c751e8b465ee728b)
Start importing Assets/MyGame/Sprites/Cats/17.png using Guid(3fe4af5536d20de48a611c91de73bc5b) Importer(815301076,1909f56bfc062723c751e8b465ee728b) [PhysX] Initialized MultithreadedTaskDispatcher with 16 workers.
[PhysX] Initialized MultithreadedTaskDispatcher with 16 workers.
 -> (artifact id: '59a64be4311efa781cab435b31b21e73') in 0.015106 seconds
Number of updated asset objects reloaded before import = 0
Number of asset objects unloaded after import = 3
========================================================================
Received Import Request.
  Time since last request: 4.211589 seconds.
  path: Assets/MyGame/Sprites/Cats/去.png
  artifactKey: Guid(5daf11012ae044f4f9b7c15bbed1699a) Importer(815301076,1909f56bfc062723c751e8b465ee728b)
Start importing Assets/MyGame/Sprites/Cats/去.png using Guid(5daf11012ae044f4f9b7c15bbed1699a) Importer(815301076,1909f56bfc062723c751e8b465ee728b) [PhysX] Initialized MultithreadedTaskDispatcher with 16 workers.
[PhysX] Initialized MultithreadedTaskDispatcher with 16 workers.
 -> (artifact id: '63f7817a5ab1204767f9b92b2b0228ee') in 0.026686 seconds
Number of updated asset objects reloaded before import = 0
Number of asset objects unloaded after import = 3
========================================================================
Received Import Request.
  Time since last request: 7.525716 seconds.
  path: Assets/MyGame/Sprites/Cats/18.png
  artifactKey: Guid(5daf11012ae044f4f9b7c15bbed1699a) Importer(815301076,1909f56bfc062723c751e8b465ee728b)
Start importing Assets/MyGame/Sprites/Cats/18.png using Guid(5daf11012ae044f4f9b7c15bbed1699a) Importer(815301076,1909f56bfc062723c751e8b465ee728b) [PhysX] Initialized MultithreadedTaskDispatcher with 16 workers.
[PhysX] Initialized MultithreadedTaskDispatcher with 16 workers.
 -> (artifact id: 'b33732d0f207678b850d92fd21df4ebf') in 0.027796 seconds
Number of updated asset objects reloaded before import = 0
Number of asset objects unloaded after import = 3
========================================================================
Received Import Request.
  Time since last request: 3.112434 seconds.
  path: Assets/MyGame/Sprites/Cats/19.png
  artifactKey: Guid(c59d79ff7d8cdca42a56aec4001ca314) Importer(815301076,1909f56bfc062723c751e8b465ee728b)
Start importing Assets/MyGame/Sprites/Cats/19.png using Guid(c59d79ff7d8cdca42a56aec4001ca314) Importer(815301076,1909f56bfc062723c751e8b465ee728b) [PhysX] Initialized MultithreadedTaskDispatcher with 16 workers.
[PhysX] Initialized MultithreadedTaskDispatcher with 16 workers.
 -> (artifact id: '2172dc11023afd212d25ecd73be41b11') in 0.023980 seconds
Number of updated asset objects reloaded before import = 0
Number of asset objects unloaded after import = 3
========================================================================
Received Import Request.
  Time since last request: 2.516894 seconds.
  path: Assets/MyGame/Sprites/Cats/20.png
  artifactKey: Guid(04772df4d0a5dd44abfc1bf55de2d2b9) Importer(815301076,1909f56bfc062723c751e8b465ee728b)
Start importing Assets/MyGame/Sprites/Cats/20.png using Guid(04772df4d0a5dd44abfc1bf55de2d2b9) Importer(815301076,1909f56bfc062723c751e8b465ee728b) [PhysX] Initialized MultithreadedTaskDispatcher with 16 workers.
[PhysX] Initialized MultithreadedTaskDispatcher with 16 workers.
 -> (artifact id: '84ea7b01f2ae106804ae605b805ab172') in 0.020703 seconds
Number of updated asset objects reloaded before import = 0
Number of asset objects unloaded after import = 3
========================================================================
Received Import Request.
  Time since last request: 1.797558 seconds.
  path: Assets/MyGame/Sprites/Cats/21.png
  artifactKey: Guid(0f9def70f02b8ec47a3998e03f0debb7) Importer(815301076,1909f56bfc062723c751e8b465ee728b)
Start importing Assets/MyGame/Sprites/Cats/21.png using Guid(0f9def70f02b8ec47a3998e03f0debb7) Importer(815301076,1909f56bfc062723c751e8b465ee728b) [PhysX] Initialized MultithreadedTaskDispatcher with 16 workers.
[PhysX] Initialized MultithreadedTaskDispatcher with 16 workers.
 -> (artifact id: 'ea3baa9a48e8fac19873a33fc5d15b14') in 0.023771 seconds
Number of updated asset objects reloaded before import = 0
Number of asset objects unloaded after import = 3
========================================================================
Received Import Request.
  Time since last request: 2.841376 seconds.
  path: Assets/MyGame/Sprites/Cats/22.png
  artifactKey: Guid(175a186a933b0184ea0bdfa91903dcd2) Importer(815301076,1909f56bfc062723c751e8b465ee728b)
Start importing Assets/MyGame/Sprites/Cats/22.png using Guid(175a186a933b0184ea0bdfa91903dcd2) Importer(815301076,1909f56bfc062723c751e8b465ee728b) [PhysX] Initialized MultithreadedTaskDispatcher with 16 workers.
[PhysX] Initialized MultithreadedTaskDispatcher with 16 workers.
 -> (artifact id: '8a47b0831b9d1b26b89238082dd98ab9') in 0.042585 seconds
Number of updated asset objects reloaded before import = 0
Number of asset objects unloaded after import = 3
========================================================================
Received Import Request.
  Time since last request: 2.952531 seconds.
  path: Assets/MyGame/Sprites/Cats/23.png
  artifactKey: Guid(efd5544613e856c42b99973c35d9c5d8) Importer(815301076,1909f56bfc062723c751e8b465ee728b)
Start importing Assets/MyGame/Sprites/Cats/23.png using Guid(efd5544613e856c42b99973c35d9c5d8) Importer(815301076,1909f56bfc062723c751e8b465ee728b) [PhysX] Initialized MultithreadedTaskDispatcher with 16 workers.
[PhysX] Initialized MultithreadedTaskDispatcher with 16 workers.
 -> (artifact id: '6acc32d23e851b8f4dbb499d7f717707') in 0.028483 seconds
Number of updated asset objects reloaded before import = 0
Number of asset objects unloaded after import = 3
========================================================================
Received Import Request.
  Time since last request: 2.240215 seconds.
  path: Assets/MyGame/Sprites/Cats/24.png
  artifactKey: Guid(8ff62500ffc983e48848d7790cbcd4ec) Importer(815301076,1909f56bfc062723c751e8b465ee728b)
Start importing Assets/MyGame/Sprites/Cats/24.png using Guid(8ff62500ffc983e48848d7790cbcd4ec) Importer(815301076,1909f56bfc062723c751e8b465ee728b) [PhysX] Initialized MultithreadedTaskDispatcher with 16 workers.
[PhysX] Initialized MultithreadedTaskDispatcher with 16 workers.
 -> (artifact id: '3a87874b677da264e4114d13f3ee041a') in 0.024226 seconds
Number of updated asset objects reloaded before import = 0
Number of asset objects unloaded after import = 3
========================================================================
Received Import Request.
  Time since last request: 1.950939 seconds.
  path: Assets/MyGame/Sprites/Cats/25.png
  artifactKey: Guid(b55eab3639194324f9a3858874ce4966) Importer(815301076,1909f56bfc062723c751e8b465ee728b)
Start importing Assets/MyGame/Sprites/Cats/25.png using Guid(b55eab3639194324f9a3858874ce4966) Importer(815301076,1909f56bfc062723c751e8b465ee728b) [PhysX] Initialized MultithreadedTaskDispatcher with 16 workers.
[PhysX] Initialized MultithreadedTaskDispatcher with 16 workers.
 -> (artifact id: '67aba474eecd128849ca6f062ef568a2') in 0.033180 seconds
Number of updated asset objects reloaded before import = 0
Number of asset objects unloaded after import = 3
========================================================================
Received Import Request.
  Time since last request: 1.980433 seconds.
  path: Assets/MyGame/Sprites/Cats/26.png
  artifactKey: Guid(e84624d31166afc43848ae24a9e57c8e) Importer(815301076,1909f56bfc062723c751e8b465ee728b)
Start importing Assets/MyGame/Sprites/Cats/26.png using Guid(e84624d31166afc43848ae24a9e57c8e) Importer(815301076,1909f56bfc062723c751e8b465ee728b) [PhysX] Initialized MultithreadedTaskDispatcher with 16 workers.
[PhysX] Initialized MultithreadedTaskDispatcher with 16 workers.
 -> (artifact id: '6d9d918aaa471711ced7a9cad33c8c41') in 0.023046 seconds
Number of updated asset objects reloaded before import = 0
Number of asset objects unloaded after import = 3
========================================================================
Received Import Request.
  Time since last request: 2.410401 seconds.
  path: Assets/MyGame/Sprites/Cats/27.png
  artifactKey: Guid(9cc468e145e946c48a7ff12d94ce4e43) Importer(815301076,1909f56bfc062723c751e8b465ee728b)
Start importing Assets/MyGame/Sprites/Cats/27.png using Guid(9cc468e145e946c48a7ff12d94ce4e43) Importer(815301076,1909f56bfc062723c751e8b465ee728b) [PhysX] Initialized MultithreadedTaskDispatcher with 16 workers.
[PhysX] Initialized MultithreadedTaskDispatcher with 16 workers.
 -> (artifact id: 'f48dc56c247fdf4d03b0a8cfdaf85ba9') in 0.015904 seconds
Number of updated asset objects reloaded before import = 0
Number of asset objects unloaded after import = 3
========================================================================
Received Import Request.
  Time since last request: 2.228899 seconds.
  path: Assets/MyGame/Sprites/Cats/28.png
  artifactKey: Guid(3f6ce72d0f0c45b488ec7e597bbcc3aa) Importer(815301076,1909f56bfc062723c751e8b465ee728b)
Start importing Assets/MyGame/Sprites/Cats/28.png using Guid(3f6ce72d0f0c45b488ec7e597bbcc3aa) Importer(815301076,1909f56bfc062723c751e8b465ee728b) [PhysX] Initialized MultithreadedTaskDispatcher with 16 workers.
[PhysX] Initialized MultithreadedTaskDispatcher with 16 workers.
 -> (artifact id: '5d2821d50d10d6506112360df4487c2a') in 0.017998 seconds
Number of updated asset objects reloaded before import = 0
Number of asset objects unloaded after import = 3
========================================================================
Received Import Request.
  Time since last request: 2.352814 seconds.
  path: Assets/MyGame/Sprites/Cats/29.png
  artifactKey: Guid(3b18411ea11b0114586c4a7f1ee1c0ec) Importer(815301076,1909f56bfc062723c751e8b465ee728b)
Start importing Assets/MyGame/Sprites/Cats/29.png using Guid(3b18411ea11b0114586c4a7f1ee1c0ec) Importer(815301076,1909f56bfc062723c751e8b465ee728b) [PhysX] Initialized MultithreadedTaskDispatcher with 16 workers.
[PhysX] Initialized MultithreadedTaskDispatcher with 16 workers.
 -> (artifact id: 'e92920877433723a623df7dff230a3ec') in 0.010510 seconds
Number of updated asset objects reloaded before import = 0
Number of asset objects unloaded after import = 3
========================================================================
Received Import Request.
  Time since last request: 2.870252 seconds.
  path: Assets/MyGame/Sprites/Cats/30.png
  artifactKey: Guid(f66333a334ad6154b8118249b7a01140) Importer(815301076,1909f56bfc062723c751e8b465ee728b)
Start importing Assets/MyGame/Sprites/Cats/30.png using Guid(f66333a334ad6154b8118249b7a01140) Importer(815301076,1909f56bfc062723c751e8b465ee728b) [PhysX] Initialized MultithreadedTaskDispatcher with 16 workers.
[PhysX] Initialized MultithreadedTaskDispatcher with 16 workers.
 -> (artifact id: 'dd7cdd0e89c3f44354941dc81be25290') in 0.016936 seconds
Number of updated asset objects reloaded before import = 0
Number of asset objects unloaded after import = 3
========================================================================
Received Import Request.
  Time since last request: 5.233614 seconds.
  path: Assets/MyGame/Sprites/Cats/31.png
  artifactKey: Guid(c4b5b3e38c491514fa09047b3297f139) Importer(815301076,1909f56bfc062723c751e8b465ee728b)
Start importing Assets/MyGame/Sprites/Cats/31.png using Guid(c4b5b3e38c491514fa09047b3297f139) Importer(815301076,1909f56bfc062723c751e8b465ee728b) [PhysX] Initialized MultithreadedTaskDispatcher with 16 workers.
[PhysX] Initialized MultithreadedTaskDispatcher with 16 workers.
 -> (artifact id: '19dbeff1c210adf5f7bafb7656403aa3') in 0.048643 seconds
Number of updated asset objects reloaded before import = 0
Number of asset objects unloaded after import = 3
========================================================================
Received Import Request.
  Time since last request: 2.143107 seconds.
  path: Assets/MyGame/Sprites/Cats/32.png
  artifactKey: Guid(ee80d350c15fa8d48a380489febe5436) Importer(815301076,1909f56bfc062723c751e8b465ee728b)
Start importing Assets/MyGame/Sprites/Cats/32.png using Guid(ee80d350c15fa8d48a380489febe5436) Importer(815301076,1909f56bfc062723c751e8b465ee728b) [PhysX] Initialized MultithreadedTaskDispatcher with 16 workers.
[PhysX] Initialized MultithreadedTaskDispatcher with 16 workers.
 -> (artifact id: '28dc5fd4c1d5ba667b60221cd6d9c2b6') in 0.027694 seconds
Number of updated asset objects reloaded before import = 0
Number of asset objects unloaded after import = 3
========================================================================
Received Import Request.
  Time since last request: 3.237701 seconds.
  path: Assets/MyGame/Sprites/Cats/33.png
  artifactKey: Guid(f12b4d8c158dde649900bc48c4d179fa) Importer(815301076,1909f56bfc062723c751e8b465ee728b)
Start importing Assets/MyGame/Sprites/Cats/33.png using Guid(f12b4d8c158dde649900bc48c4d179fa) Importer(815301076,1909f56bfc062723c751e8b465ee728b) [PhysX] Initialized MultithreadedTaskDispatcher with 16 workers.
[PhysX] Initialized MultithreadedTaskDispatcher with 16 workers.
 -> (artifact id: '72b13186e5954df950405b48d1fb499b') in 0.023657 seconds
Number of updated asset objects reloaded before import = 0
Number of asset objects unloaded after import = 3
========================================================================
Received Import Request.
  Time since last request: 2.730287 seconds.
  path: Assets/MyGame/Sprites/Cats/34.png
  artifactKey: Guid(750e3b27cc642d145b7aa4f6db1b619b) Importer(815301076,1909f56bfc062723c751e8b465ee728b)
Start importing Assets/MyGame/Sprites/Cats/34.png using Guid(750e3b27cc642d145b7aa4f6db1b619b) Importer(815301076,1909f56bfc062723c751e8b465ee728b) [PhysX] Initialized MultithreadedTaskDispatcher with 16 workers.
[PhysX] Initialized MultithreadedTaskDispatcher with 16 workers.
 -> (artifact id: '3d1c1cbbfb06572cb988d3514a62a683') in 0.028677 seconds
Number of updated asset objects reloaded before import = 0
Number of asset objects unloaded after import = 3
========================================================================
Received Import Request.
  Time since last request: 3.321047 seconds.
  path: Assets/MyGame/Sprites/Cats/35.png
  artifactKey: Guid(53aa3069868d30a45b3e1ae503bd20e6) Importer(815301076,1909f56bfc062723c751e8b465ee728b)
Start importing Assets/MyGame/Sprites/Cats/35.png using Guid(53aa3069868d30a45b3e1ae503bd20e6) Importer(815301076,1909f56bfc062723c751e8b465ee728b) [PhysX] Initialized MultithreadedTaskDispatcher with 16 workers.
[PhysX] Initialized MultithreadedTaskDispatcher with 16 workers.
 -> (artifact id: '375de453e5f10f33a6e17ca4e5dc8b9d') in 0.022164 seconds
Number of updated asset objects reloaded before import = 0
Number of asset objects unloaded after import = 3
========================================================================
Received Import Request.
  Time since last request: 2.390976 seconds.
  path: Assets/MyGame/Sprites/Cats/36.png
  artifactKey: Guid(00ad1e087858f3a4b8478f8e43e5b58d) Importer(815301076,1909f56bfc062723c751e8b465ee728b)
Start importing Assets/MyGame/Sprites/Cats/36.png using Guid(00ad1e087858f3a4b8478f8e43e5b58d) Importer(815301076,1909f56bfc062723c751e8b465ee728b) [PhysX] Initialized MultithreadedTaskDispatcher with 16 workers.
[PhysX] Initialized MultithreadedTaskDispatcher with 16 workers.
 -> (artifact id: 'a8b12ea35ba9ca374d2e3640b34187b7') in 0.031491 seconds
Number of updated asset objects reloaded before import = 0
Number of asset objects unloaded after import = 3
========================================================================
Received Import Request.
  Time since last request: 4.802108 seconds.
  path: Assets/MyGame/Sprites/Cats/37.png
  artifactKey: Guid(4a7b2a6edf43e1f468db30695c56463c) Importer(815301076,1909f56bfc062723c751e8b465ee728b)
Start importing Assets/MyGame/Sprites/Cats/37.png using Guid(4a7b2a6edf43e1f468db30695c56463c) Importer(815301076,1909f56bfc062723c751e8b465ee728b) [PhysX] Initialized MultithreadedTaskDispatcher with 16 workers.
[PhysX] Initialized MultithreadedTaskDispatcher with 16 workers.
 -> (artifact id: 'e371dc051f1a96ac947e24419b66b830') in 0.027449 seconds
Number of updated asset objects reloaded before import = 0
Number of asset objects unloaded after import = 3
========================================================================
Received Import Request.
  Time since last request: 2.584287 seconds.
  path: Assets/MyGame/Sprites/Cats/38.png
  artifactKey: Guid(9a2ef605dfa7ae1449b0fb8b258d5945) Importer(815301076,1909f56bfc062723c751e8b465ee728b)
Start importing Assets/MyGame/Sprites/Cats/38.png using Guid(9a2ef605dfa7ae1449b0fb8b258d5945) Importer(815301076,1909f56bfc062723c751e8b465ee728b) [PhysX] Initialized MultithreadedTaskDispatcher with 16 workers.
[PhysX] Initialized MultithreadedTaskDispatcher with 16 workers.
 -> (artifact id: '462f3c18e1e9d36a7c1095cc417a42d2') in 0.024342 seconds
Number of updated asset objects reloaded before import = 0
Number of asset objects unloaded after import = 3
========================================================================
Received Import Request.
  Time since last request: 7.439694 seconds.
  path: Assets/MyGame/Sprites/Cats/39.png
  artifactKey: Guid(234b8dc18d346754ca0f9f5e6ac6bf0d) Importer(815301076,1909f56bfc062723c751e8b465ee728b)
Start importing Assets/MyGame/Sprites/Cats/39.png using Guid(234b8dc18d346754ca0f9f5e6ac6bf0d) Importer(815301076,1909f56bfc062723c751e8b465ee728b) [PhysX] Initialized MultithreadedTaskDispatcher with 16 workers.
[PhysX] Initialized MultithreadedTaskDispatcher with 16 workers.
 -> (artifact id: 'd47309b211d692ef2cea2225306a0a44') in 0.021964 seconds
Number of updated asset objects reloaded before import = 0
Number of asset objects unloaded after import = 3
========================================================================
Received Import Request.
  Time since last request: 3.053436 seconds.
  path: Assets/MyGame/Sprites/Cats/40.png
  artifactKey: Guid(61f2dc097753cc040be01da15aced92e) Importer(815301076,1909f56bfc062723c751e8b465ee728b)
Start importing Assets/MyGame/Sprites/Cats/40.png using Guid(61f2dc097753cc040be01da15aced92e) Importer(815301076,1909f56bfc062723c751e8b465ee728b) [PhysX] Initialized MultithreadedTaskDispatcher with 16 workers.
[PhysX] Initialized MultithreadedTaskDispatcher with 16 workers.
 -> (artifact id: '69baa44cf3e89c6822a572baf2aca12f') in 0.040932 seconds
Number of updated asset objects reloaded before import = 0
Number of asset objects unloaded after import = 3
========================================================================
Received Import Request.
  Time since last request: 2.543003 seconds.
  path: Assets/MyGame/Sprites/Cats/41.png
  artifactKey: Guid(ae09577c6155be34db9ec3a29b391d56) Importer(815301076,1909f56bfc062723c751e8b465ee728b)
Start importing Assets/MyGame/Sprites/Cats/41.png using Guid(ae09577c6155be34db9ec3a29b391d56) Importer(815301076,1909f56bfc062723c751e8b465ee728b) [PhysX] Initialized MultithreadedTaskDispatcher with 16 workers.
[PhysX] Initialized MultithreadedTaskDispatcher with 16 workers.
 -> (artifact id: 'ed9ecd9a0bc1eb24509bf18869fc4b19') in 0.022319 seconds
Number of updated asset objects reloaded before import = 0
Number of asset objects unloaded after import = 3
========================================================================
Received Import Request.
  Time since last request: 21.705169 seconds.
  path: Assets/MyGame/Sprites/Cats/1.png
  artifactKey: Guid(fef67979b4b7e284889d69c4c4364c18) Importer(815301076,1909f56bfc062723c751e8b465ee728b)
Start importing Assets/MyGame/Sprites/Cats/1.png using Guid(fef67979b4b7e284889d69c4c4364c18) Importer(815301076,1909f56bfc062723c751e8b465ee728b) [PhysX] Initialized MultithreadedTaskDispatcher with 16 workers.
[PhysX] Initialized MultithreadedTaskDispatcher with 16 workers.
 -> (artifact id: '731840e396830718f9bef76cbc3ad52e') in 0.015557 seconds
Number of updated asset objects reloaded before import = 0
Number of asset objects unloaded after import = 3
========================================================================
Received Import Request.
  Time since last request: 19.210098 seconds.
  path: Assets/MyGame/Sprites/Cats/1.png
  artifactKey: Guid(fef67979b4b7e284889d69c4c4364c18) Importer(815301076,1909f56bfc062723c751e8b465ee728b)
Start importing Assets/MyGame/Sprites/Cats/1.png using Guid(fef67979b4b7e284889d69c4c4364c18) Importer(815301076,1909f56bfc062723c751e8b465ee728b) [PhysX] Initialized MultithreadedTaskDispatcher with 16 workers.
[PhysX] Initialized MultithreadedTaskDispatcher with 16 workers.
 -> (artifact id: 'a7db734ee4a106172b4d1f4aeececd30') in 0.050236 seconds
Number of updated asset objects reloaded before import = 0
Number of asset objects unloaded after import = 3
========================================================================
Received Import Request.
  Time since last request: 6.384299 seconds.
  path: Assets/MyGame/Sprites/Cats/1.png
  artifactKey: Guid(fef67979b4b7e284889d69c4c4364c18) Importer(815301076,1909f56bfc062723c751e8b465ee728b)
Start importing Assets/MyGame/Sprites/Cats/1.png using Guid(fef67979b4b7e284889d69c4c4364c18) Importer(815301076,1909f56bfc062723c751e8b465ee728b) [PhysX] Initialized MultithreadedTaskDispatcher with 16 workers.
[PhysX] Initialized MultithreadedTaskDispatcher with 16 workers.
 -> (artifact id: '23052492bc9ab9ef0bb1404a9a4a2af1') in 0.059539 seconds
Number of updated asset objects reloaded before import = 0
Number of asset objects unloaded after import = 3
========================================================================
Received Import Request.
  Time since last request: 3.386169 seconds.
  path: Assets/MyGame/Sprites/Cats/1.png
  artifactKey: Guid(fef67979b4b7e284889d69c4c4364c18) Importer(815301076,1909f56bfc062723c751e8b465ee728b)
Start importing Assets/MyGame/Sprites/Cats/1.png using Guid(fef67979b4b7e284889d69c4c4364c18) Importer(815301076,1909f56bfc062723c751e8b465ee728b) [PhysX] Initialized MultithreadedTaskDispatcher with 16 workers.
[PhysX] Initialized MultithreadedTaskDispatcher with 16 workers.
 -> (artifact id: '18328c32cb7a97120809fdad1a76950b') in 0.015711 seconds
Number of updated asset objects reloaded before import = 0
Number of asset objects unloaded after import = 3
========================================================================
Received Import Request.
  Time since last request: 10.222989 seconds.
  path: Assets/MyGame/Sprites/Cats/11.png
  artifactKey: Guid(740dd0bf102fb3144973a4081084d2f2) Importer(815301076,1909f56bfc062723c751e8b465ee728b)
Start importing Assets/MyGame/Sprites/Cats/11.png using Guid(740dd0bf102fb3144973a4081084d2f2) Importer(815301076,1909f56bfc062723c751e8b465ee728b) [PhysX] Initialized MultithreadedTaskDispatcher with 16 workers.
[PhysX] Initialized MultithreadedTaskDispatcher with 16 workers.
 -> (artifact id: '3c5b56f5880a54329dba4df02e5f3aee') in 0.016756 seconds
Number of updated asset objects reloaded before import = 0
Number of asset objects unloaded after import = 3
========================================================================
Received Import Request.
  Time since last request: 0.109747 seconds.
  path: Assets/MyGame/Sprites/Cats/12.png
  artifactKey: Guid(e493873bab2885844be65adc239c04ff) Importer(815301076,1909f56bfc062723c751e8b465ee728b)
Start importing Assets/MyGame/Sprites/Cats/12.png using Guid(e493873bab2885844be65adc239c04ff) Importer(815301076,1909f56bfc062723c751e8b465ee728b) [PhysX] Initialized MultithreadedTaskDispatcher with 16 workers.
[PhysX] Initialized MultithreadedTaskDispatcher with 16 workers.
 -> (artifact id: '07c20737af74f751e1fb295eb98793f6') in 0.062447 seconds
Number of updated asset objects reloaded before import = 0
Number of asset objects unloaded after import = 3
========================================================================
Received Import Request.
  Time since last request: 0.000022 seconds.
  path: Assets/MyGame/Sprites/Cats/19.png
  artifactKey: Guid(c59d79ff7d8cdca42a56aec4001ca314) Importer(815301076,1909f56bfc062723c751e8b465ee728b)
Start importing Assets/MyGame/Sprites/Cats/19.png using Guid(c59d79ff7d8cdca42a56aec4001ca314) Importer(815301076,1909f56bfc062723c751e8b465ee728b) [PhysX] Initialized MultithreadedTaskDispatcher with 16 workers.
[PhysX] Initialized MultithreadedTaskDispatcher with 16 workers.
 -> (artifact id: '6accd00d402fb10a1b1cec8563e469f4') in 0.011800 seconds
Number of updated asset objects reloaded before import = 0
Number of asset objects unloaded after import = 3
========================================================================
Received Import Request.
  Time since last request: 0.000016 seconds.
  path: Assets/MyGame/Sprites/Cats/17.png
  artifactKey: Guid(3fe4af5536d20de48a611c91de73bc5b) Importer(815301076,1909f56bfc062723c751e8b465ee728b)
Start importing Assets/MyGame/Sprites/Cats/17.png using Guid(3fe4af5536d20de48a611c91de73bc5b) Importer(815301076,1909f56bfc062723c751e8b465ee728b) [PhysX] Initialized MultithreadedTaskDispatcher with 16 workers.
[PhysX] Initialized MultithreadedTaskDispatcher with 16 workers.
 -> (artifact id: '7cbafc7a2b1697842c20146712e4e3e4') in 0.013595 seconds
Number of updated asset objects reloaded before import = 0
Number of asset objects unloaded after import = 3
========================================================================
Received Import Request.
  Time since last request: 0.000016 seconds.
  path: Assets/MyGame/Sprites/Cats/35.png
  artifactKey: Guid(53aa3069868d30a45b3e1ae503bd20e6) Importer(815301076,1909f56bfc062723c751e8b465ee728b)
Start importing Assets/MyGame/Sprites/Cats/35.png using Guid(53aa3069868d30a45b3e1ae503bd20e6) Importer(815301076,1909f56bfc062723c751e8b465ee728b) [PhysX] Initialized MultithreadedTaskDispatcher with 16 workers.
[PhysX] Initialized MultithreadedTaskDispatcher with 16 workers.
 -> (artifact id: '1ab5aaae971a03b232278d12064c6d52') in 0.013429 seconds
Number of updated asset objects reloaded before import = 0
Number of asset objects unloaded after import = 3
========================================================================
Received Import Request.
  Time since last request: 0.000019 seconds.
  path: Assets/MyGame/Sprites/Cats/14.png
  artifactKey: Guid(df611e6003d475e4588dcaa5ef0a403d) Importer(815301076,1909f56bfc062723c751e8b465ee728b)
Start importing Assets/MyGame/Sprites/Cats/14.png using Guid(df611e6003d475e4588dcaa5ef0a403d) Importer(815301076,1909f56bfc062723c751e8b465ee728b) [PhysX] Initialized MultithreadedTaskDispatcher with 16 workers.
[PhysX] Initialized MultithreadedTaskDispatcher with 16 workers.
 -> (artifact id: '40ee2df718de8b789b6a458a655a5e63') in 0.010201 seconds
Number of updated asset objects reloaded before import = 0
Number of asset objects unloaded after import = 3
========================================================================
Received Import Request.
  Time since last request: 0.000016 seconds.
  path: Assets/MyGame/Sprites/Cats/20.png
  artifactKey: Guid(04772df4d0a5dd44abfc1bf55de2d2b9) Importer(815301076,1909f56bfc062723c751e8b465ee728b)
Start importing Assets/MyGame/Sprites/Cats/20.png using Guid(04772df4d0a5dd44abfc1bf55de2d2b9) Importer(815301076,1909f56bfc062723c751e8b465ee728b) [PhysX] Initialized MultithreadedTaskDispatcher with 16 workers.
[PhysX] Initialized MultithreadedTaskDispatcher with 16 workers.
 -> (artifact id: '41988f23f4761c58f54989a918fa43f7') in 0.010599 seconds
Number of updated asset objects reloaded before import = 0
Number of asset objects unloaded after import = 3
========================================================================
Received Import Request.
  Time since last request: 0.000017 seconds.
  path: Assets/MyGame/Sprites/Cats/41.png
  artifactKey: Guid(ae09577c6155be34db9ec3a29b391d56) Importer(815301076,1909f56bfc062723c751e8b465ee728b)
Start importing Assets/MyGame/Sprites/Cats/41.png using Guid(ae09577c6155be34db9ec3a29b391d56) Importer(815301076,1909f56bfc062723c751e8b465ee728b) [PhysX] Initialized MultithreadedTaskDispatcher with 16 workers.
[PhysX] Initialized MultithreadedTaskDispatcher with 16 workers.
 -> (artifact id: '28c85c7dc57251c31656918d86e60bd8') in 0.010716 seconds
Number of updated asset objects reloaded before import = 0
Number of asset objects unloaded after import = 3
========================================================================
Received Import Request.
  Time since last request: 0.000017 seconds.
  path: Assets/MyGame/Sprites/Cats/36.png
  artifactKey: Guid(00ad1e087858f3a4b8478f8e43e5b58d) Importer(815301076,1909f56bfc062723c751e8b465ee728b)
Start importing Assets/MyGame/Sprites/Cats/36.png using Guid(00ad1e087858f3a4b8478f8e43e5b58d) Importer(815301076,1909f56bfc062723c751e8b465ee728b) [PhysX] Initialized MultithreadedTaskDispatcher with 16 workers.
[PhysX] Initialized MultithreadedTaskDispatcher with 16 workers.
 -> (artifact id: 'eb3f5ee77323d5b3fae3521a4a794d3e') in 0.010750 seconds
Number of updated asset objects reloaded before import = 0
Number of asset objects unloaded after import = 3
========================================================================
Received Import Request.
  Time since last request: 0.000019 seconds.
  path: Assets/MyGame/Sprites/Cats/37.png
  artifactKey: Guid(4a7b2a6edf43e1f468db30695c56463c) Importer(815301076,1909f56bfc062723c751e8b465ee728b)
Start importing Assets/MyGame/Sprites/Cats/37.png using Guid(4a7b2a6edf43e1f468db30695c56463c) Importer(815301076,1909f56bfc062723c751e8b465ee728b) [PhysX] Initialized MultithreadedTaskDispatcher with 16 workers.
[PhysX] Initialized MultithreadedTaskDispatcher with 16 workers.
 -> (artifact id: '9040d39c25b670ba74b46bf143cfdea8') in 0.011482 seconds
Number of updated asset objects reloaded before import = 0
Number of asset objects unloaded after import = 3
========================================================================
Received Import Request.
  Time since last request: 0.000017 seconds.
  path: Assets/MyGame/Sprites/Cats/18.png
  artifactKey: Guid(5daf11012ae044f4f9b7c15bbed1699a) Importer(815301076,1909f56bfc062723c751e8b465ee728b)
Start importing Assets/MyGame/Sprites/Cats/18.png using Guid(5daf11012ae044f4f9b7c15bbed1699a) Importer(815301076,1909f56bfc062723c751e8b465ee728b) [PhysX] Initialized MultithreadedTaskDispatcher with 16 workers.
[PhysX] Initialized MultithreadedTaskDispatcher with 16 workers.
 -> (artifact id: '9810edd6a895d2fd7f9e770ab1ad97b2') in 0.010218 seconds
Number of updated asset objects reloaded before import = 0
Number of asset objects unloaded after import = 3
========================================================================
Received Import Request.
  Time since last request: 0.000016 seconds.
  path: Assets/MyGame/Sprites/Cats/16.png
  artifactKey: Guid(7b61b7bc9e46a6846a180a15928dc083) Importer(815301076,1909f56bfc062723c751e8b465ee728b)
Start importing Assets/MyGame/Sprites/Cats/16.png using Guid(7b61b7bc9e46a6846a180a15928dc083) Importer(815301076,1909f56bfc062723c751e8b465ee728b) [PhysX] Initialized MultithreadedTaskDispatcher with 16 workers.
[PhysX] Initialized MultithreadedTaskDispatcher with 16 workers.
 -> (artifact id: 'f9a46114b99a83a9b00e54180f97a999') in 0.013248 seconds
Number of updated asset objects reloaded before import = 0
Number of asset objects unloaded after import = 3
========================================================================
Received Import Request.
  Time since last request: 0.000021 seconds.
  path: Assets/MyGame/Sprites/Cats/27.png
  artifactKey: Guid(9cc468e145e946c48a7ff12d94ce4e43) Importer(815301076,1909f56bfc062723c751e8b465ee728b)
Start importing Assets/MyGame/Sprites/Cats/27.png using Guid(9cc468e145e946c48a7ff12d94ce4e43) Importer(815301076,1909f56bfc062723c751e8b465ee728b) [PhysX] Initialized MultithreadedTaskDispatcher with 16 workers.
[PhysX] Initialized MultithreadedTaskDispatcher with 16 workers.
 -> (artifact id: '8628b20c9a0e36585820ccfab9bf8dd7') in 0.013708 seconds
Number of updated asset objects reloaded before import = 0
Number of asset objects unloaded after import = 3
========================================================================
Received Import Request.
  Time since last request: 0.000028 seconds.
  path: Assets/MyGame/Sprites/Cats/26.png
  artifactKey: Guid(e84624d31166afc43848ae24a9e57c8e) Importer(815301076,1909f56bfc062723c751e8b465ee728b)
Start importing Assets/MyGame/Sprites/Cats/26.png using Guid(e84624d31166afc43848ae24a9e57c8e) Importer(815301076,1909f56bfc062723c751e8b465ee728b) [PhysX] Initialized MultithreadedTaskDispatcher with 16 workers.
[PhysX] Initialized MultithreadedTaskDispatcher with 16 workers.
 -> (artifact id: 'a362a2a46cf31f79e3babb9163e1e15a') in 0.010662 seconds
Number of updated asset objects reloaded before import = 0
Number of asset objects unloaded after import = 3
========================================================================
Received Import Request.
  Time since last request: 0.000017 seconds.
  path: Assets/MyGame/Sprites/Cats/21.png
  artifactKey: Guid(0f9def70f02b8ec47a3998e03f0debb7) Importer(815301076,1909f56bfc062723c751e8b465ee728b)
Start importing Assets/MyGame/Sprites/Cats/21.png using Guid(0f9def70f02b8ec47a3998e03f0debb7) Importer(815301076,1909f56bfc062723c751e8b465ee728b) [PhysX] Initialized MultithreadedTaskDispatcher with 16 workers.
[PhysX] Initialized MultithreadedTaskDispatcher with 16 workers.
 -> (artifact id: '698ace3999f9b9eda141fd08d7b19486') in 0.010940 seconds
Number of updated asset objects reloaded before import = 0
Number of asset objects unloaded after import = 3
========================================================================
Received Import Request.
  Time since last request: 0.000017 seconds.
  path: Assets/MyGame/Sprites/Cats/30.png
  artifactKey: Guid(f66333a334ad6154b8118249b7a01140) Importer(815301076,1909f56bfc062723c751e8b465ee728b)
Start importing Assets/MyGame/Sprites/Cats/30.png using Guid(f66333a334ad6154b8118249b7a01140) Importer(815301076,1909f56bfc062723c751e8b465ee728b) [PhysX] Initialized MultithreadedTaskDispatcher with 16 workers.
[PhysX] Initialized MultithreadedTaskDispatcher with 16 workers.
 -> (artifact id: '6fa2069cfcdd14349bbc4e848d491c89') in 0.010116 seconds
Number of updated asset objects reloaded before import = 0
Number of asset objects unloaded after import = 3
========================================================================
Received Import Request.
  Time since last request: 0.000017 seconds.
  path: Assets/MyGame/Sprites/Cats/40.png
  artifactKey: Guid(61f2dc097753cc040be01da15aced92e) Importer(815301076,1909f56bfc062723c751e8b465ee728b)
Start importing Assets/MyGame/Sprites/Cats/40.png using Guid(61f2dc097753cc040be01da15aced92e) Importer(815301076,1909f56bfc062723c751e8b465ee728b) [PhysX] Initialized MultithreadedTaskDispatcher with 16 workers.
[PhysX] Initialized MultithreadedTaskDispatcher with 16 workers.
 -> (artifact id: 'd7a686b3bfafb5a5fe4dcc4396b3b898') in 0.010521 seconds
Number of updated asset objects reloaded before import = 0
Number of asset objects unloaded after import = 3
========================================================================
Received Import Request.
  Time since last request: 0.463172 seconds.
  path: Assets/MyGame/Sprites/Cats/2.png
  artifactKey: Guid(bf33ec25a93130f4eb5d7b5660960d06) Importer(815301076,1909f56bfc062723c751e8b465ee728b)
Start importing Assets/MyGame/Sprites/Cats/2.png using Guid(bf33ec25a93130f4eb5d7b5660960d06) Importer(815301076,1909f56bfc062723c751e8b465ee728b) [PhysX] Initialized MultithreadedTaskDispatcher with 16 workers.
[PhysX] Initialized MultithreadedTaskDispatcher with 16 workers.
 -> (artifact id: '884936633faca6977aa4d51cfb3a52a9') in 0.015114 seconds
Number of updated asset objects reloaded before import = 0
Number of asset objects unloaded after import = 3
========================================================================
Received Import Request.
  Time since last request: 0.000017 seconds.
  path: Assets/MyGame/Sprites/Cats/8.png
  artifactKey: Guid(f8358d9ad0c56ea4f9c603b71e31978c) Importer(815301076,1909f56bfc062723c751e8b465ee728b)
Start importing Assets/MyGame/Sprites/Cats/8.png using Guid(f8358d9ad0c56ea4f9c603b71e31978c) Importer(815301076,1909f56bfc062723c751e8b465ee728b) [PhysX] Initialized MultithreadedTaskDispatcher with 16 workers.
[PhysX] Initialized MultithreadedTaskDispatcher with 16 workers.
 -> (artifact id: 'f02b51864f11cd7dceb62be16a98147f') in 0.013536 seconds
Number of updated asset objects reloaded before import = 0
Number of asset objects unloaded after import = 3
========================================================================
Received Import Request.
  Time since last request: 0.000017 seconds.
  path: Assets/MyGame/Sprites/Cats/5.png
  artifactKey: Guid(ac04decff23d60148af2e326014fe7d8) Importer(815301076,1909f56bfc062723c751e8b465ee728b)
Start importing Assets/MyGame/Sprites/Cats/5.png using Guid(ac04decff23d60148af2e326014fe7d8) Importer(815301076,1909f56bfc062723c751e8b465ee728b) [PhysX] Initialized MultithreadedTaskDispatcher with 16 workers.
[PhysX] Initialized MultithreadedTaskDispatcher with 16 workers.
 -> (artifact id: '444b23c6612717d58787efc76a4295d3') in 0.012461 seconds
Number of updated asset objects reloaded before import = 0
Number of asset objects unloaded after import = 3
========================================================================
Received Import Request.
  Time since last request: 0.000020 seconds.
  path: Assets/MyGame/Sprites/Cats/9.png
  artifactKey: Guid(c86199f8c3b68b84b8e682b3dd0c4693) Importer(815301076,1909f56bfc062723c751e8b465ee728b)
Start importing Assets/MyGame/Sprites/Cats/9.png using Guid(c86199f8c3b68b84b8e682b3dd0c4693) Importer(815301076,1909f56bfc062723c751e8b465ee728b) [PhysX] Initialized MultithreadedTaskDispatcher with 16 workers.
[PhysX] Initialized MultithreadedTaskDispatcher with 16 workers.
 -> (artifact id: '56dfb12b340b9cae6e1fa898a852dc59') in 0.011092 seconds
Number of updated asset objects reloaded before import = 0
Number of asset objects unloaded after import = 3
Editor requested this worker to shutdown with reason: Scaling down because of idle timeout
TcpMessagingSession - receive error: operation aborted. errorcode: 995, details: ߳˳Ӧóֹ I/O 
AssetImportWorker is now disconnected from the server
Process exiting
Exiting without the bug reporter. Application will terminate with return code 0