Using pre-set license
Built from '2022.3/staging' branch; Version is '2022.3.41f1 (0f988161febf) revision 1022081'; Using compiler version '192829333'; Build Type 'Release'
OS: 'Windows 10  (10.0.19045) 64bit Professional' Language: 'zh' Physical Memory: 15741 MB
BatchMode: 1, IsHumanControllingUs: 0, StartBugReporterOnCrash: 0, Is64bit: 1, IsPro: 1

COMMAND LINE ARGUMENTS:
D:\Work\UnityHub\UnityEditors\2022.3.41f1\Editor\Unity.exe
-adb2
-batchMode
-noUpm
-name
AssetImportWorker3
-projectPath
D:/Work/UnityHub/UnityProjects/Miaolegemi
-logFile
Logs/AssetImportWorker3.log
-srvPort
63736
Successfully changed project path to: D:/Work/UnityHub/UnityProjects/Miaolegemi
D:/Work/UnityHub/UnityProjects/Miaolegemi
[UnityMemory] Configuration Parameters - Can be set up in boot.config
    "memorysetup-bucket-allocator-granularity=16"
    "memorysetup-bucket-allocator-bucket-count=8"
    "memorysetup-bucket-allocator-block-size=33554432"
    "memorysetup-bucket-allocator-block-count=8"
    "memorysetup-main-allocator-block-size=16777216"
    "memorysetup-thread-allocator-block-size=16777216"
    "memorysetup-gfx-main-allocator-block-size=16777216"
    "memorysetup-gfx-thread-allocator-block-size=16777216"
    "memorysetup-cache-allocator-block-size=4194304"
    "memorysetup-typetree-allocator-block-size=2097152"
    "memorysetup-profiler-bucket-allocator-granularity=16"
    "memorysetup-profiler-bucket-allocator-bucket-count=8"
    "memorysetup-profiler-bucket-allocator-block-size=33554432"
    "memorysetup-profiler-bucket-allocator-block-count=8"
    "memorysetup-profiler-allocator-block-size=16777216"
    "memorysetup-profiler-editor-allocator-block-size=1048576"
    "memorysetup-temp-allocator-size-main=16777216"
    "memorysetup-job-temp-allocator-block-size=2097152"
    "memorysetup-job-temp-allocator-block-size-background=1048576"
    "memorysetup-job-temp-allocator-reduction-small-platforms=262144"
    "memorysetup-allocator-temp-initial-block-size-main=262144"
    "memorysetup-allocator-temp-initial-block-size-worker=262144"
    "memorysetup-temp-allocator-size-background-worker=32768"
    "memorysetup-temp-allocator-size-job-worker=262144"
    "memorysetup-temp-allocator-size-preload-manager=33554432"
    "memorysetup-temp-allocator-size-nav-mesh-worker=65536"
    "memorysetup-temp-allocator-size-audio-worker=65536"
    "memorysetup-temp-allocator-size-cloud-worker=32768"
    "memorysetup-temp-allocator-size-gi-baking-worker=262144"
    "memorysetup-temp-allocator-size-gfx=262144"
Player connection [27296]  Target information:

Player connection [27296]  * "[IP] 192.168.31.243 [Port] 0 [Flags] 2 [Guid] 1191753980 [EditorId] 1191753980 [Version] 1048832 [Id] WindowsEditor(7,xarwindows) [Debug] 1 [PackageName] WindowsEditor [ProjectName] Editor" 

Player connection [27296] Host joined multi-casting on [225.0.0.222:54997]...
Player connection [27296] Host joined alternative multi-casting on [225.0.0.222:34997]...
[PhysX] Initialized MultithreadedTaskDispatcher with 12 workers.
Refreshing native plugins compatible for Editor in 19.85 ms, found 11 plugins.
Preloading 0 native plugins for Editor in 0.00 ms.
Initialize engine version: 2022.3.41f1 (0f988161febf)
[Subsystems] Discovering subsystems at path D:/Work/UnityHub/UnityEditors/2022.3.41f1/Editor/Data/Resources/UnitySubsystems
[Subsystems] Discovering subsystems at path D:/Work/UnityHub/UnityProjects/Miaolegemi/Assets
GfxDevice: creating device client; threaded=0; jobified=0
Direct3D:
    Version:  Direct3D 11.0 [level 11.1]
    Renderer: NVIDIA GeForce GTX 1650 (ID=0x1f99)
    Vendor:   NVIDIA
    VRAM:     3962 MB
    Driver:   27.21.14.5749
Initialize mono
Mono path[0] = 'D:/Work/UnityHub/UnityEditors/2022.3.41f1/Editor/Data/Managed'
Mono path[1] = 'D:/Work/UnityHub/UnityEditors/2022.3.41f1/Editor/Data/MonoBleedingEdge/lib/mono/unityjit-win32'
Mono config path = 'D:/Work/UnityHub/UnityEditors/2022.3.41f1/Editor/Data/MonoBleedingEdge/etc'
Using monoOptions --debugger-agent=transport=dt_socket,embedding=1,server=y,suspend=n,address=127.0.0.1:56452
Begin MonoManager ReloadAssembly
Registering precompiled unity dll's ...
Register platform support module: D:/Work/UnityHub/UnityEditors/2022.3.41f1/Editor/Data/PlaybackEngines/WebGLSupport/UnityEditor.WebGL.Extensions.dll
Register platform support module: D:/Work/UnityHub/UnityEditors/2022.3.41f1/Editor/Data/PlaybackEngines/WindowsStandaloneSupport/UnityEditor.WindowsStandalone.Extensions.dll
Registered in 0.004853 seconds.
- Loaded All Assemblies, in  0.365 seconds
Native extension for WindowsStandalone target not found
Native extension for WebGL target not found
Mono: successfully reloaded assembly
- Finished resetting the current domain, in  0.281 seconds
Domain Reload Profiling: 646ms
	BeginReloadAssembly (99ms)
		ExecutionOrderSort (0ms)
		DisableScriptedObjects (0ms)
		BackupInstance (0ms)
		ReleaseScriptingObjects (0ms)
		CreateAndSetChildDomain (1ms)
	RebuildCommonClasses (35ms)
	RebuildNativeTypeToScriptingClass (13ms)
	initialDomainReloadingComplete (53ms)
	LoadAllAssembliesAndSetupDomain (164ms)
		LoadAssemblies (99ms)
		RebuildTransferFunctionScriptingTraits (0ms)
		AnalyzeDomain (162ms)
			TypeCache.Refresh (160ms)
				TypeCache.ScanAssembly (147ms)
			ScanForSourceGeneratedMonoScriptInfo (0ms)
			ResolveRequiredComponents (0ms)
	FinalizeReload (281ms)
		ReleaseScriptCaches (0ms)
		RebuildScriptCaches (0ms)
		SetupLoadedEditorAssemblies (229ms)
			LogAssemblyErrors (0ms)
			InitializePlatformSupportModulesInManaged (9ms)
			SetLoadedEditorAssemblies (7ms)
			RefreshPlugins (0ms)
			BeforeProcessingInitializeOnLoad (2ms)
			ProcessInitializeOnLoadAttributes (161ms)
			ProcessInitializeOnLoadMethodAttributes (50ms)
			AfterProcessingInitializeOnLoad (0ms)
			EditorAssembliesLoaded (0ms)
		ExecutionOrderSort2 (0ms)
		AwakeInstancesAfterBackupRestoration (0ms)
========================================================================
Worker process is ready to serve import requests
Caller must complete domain reload
Begin MonoManager ReloadAssembly
- Loaded All Assemblies, in  0.665 seconds
Native extension for WindowsStandalone target not found
Native extension for WebGL target not found
Package Manager log level set to [2]
[Package Manager] Server::EnsureServerProcessIsRunning -- launch failed, reason: Unity was launched with the -noUpm command-line argument
[Package Manager] UpmClient::Send -- Unable to send message (not connected to UPM process).
[Package Manager] Cannot connect to Unity Package Manager local server
Mono: successfully reloaded assembly
- Finished resetting the current domain, in  0.670 seconds
Domain Reload Profiling: 1335ms
	BeginReloadAssembly (147ms)
		ExecutionOrderSort (0ms)
		DisableScriptedObjects (6ms)
		BackupInstance (0ms)
		ReleaseScriptingObjects (0ms)
		CreateAndSetChildDomain (23ms)
	RebuildCommonClasses (35ms)
	RebuildNativeTypeToScriptingClass (11ms)
	initialDomainReloadingComplete (44ms)
	LoadAllAssembliesAndSetupDomain (426ms)
		LoadAssemblies (319ms)
		RebuildTransferFunctionScriptingTraits (0ms)
		AnalyzeDomain (190ms)
			TypeCache.Refresh (155ms)
				TypeCache.ScanAssembly (140ms)
			ScanForSourceGeneratedMonoScriptInfo (21ms)
			ResolveRequiredComponents (12ms)
	FinalizeReload (671ms)
		ReleaseScriptCaches (0ms)
		RebuildScriptCaches (0ms)
		SetupLoadedEditorAssemblies (514ms)
			LogAssemblyErrors (0ms)
			InitializePlatformSupportModulesInManaged (7ms)
			SetLoadedEditorAssemblies (4ms)
			RefreshPlugins (0ms)
			BeforeProcessingInitializeOnLoad (66ms)
			ProcessInitializeOnLoadAttributes (397ms)
			ProcessInitializeOnLoadMethodAttributes (38ms)
			AfterProcessingInitializeOnLoad (3ms)
			EditorAssembliesLoaded (0ms)
		ExecutionOrderSort2 (0ms)
		AwakeInstancesAfterBackupRestoration (6ms)
Launched and connected shader compiler UnityShaderCompiler.exe after 0.04 seconds
Refreshing native plugins compatible for Editor in 7.26 ms, found 11 plugins.
Preloading 0 native plugins for Editor in 0.00 ms.
Unloading 4124 Unused Serialized files (Serialized files now loaded: 0)
Unloading 48 unused Assets / (242.3 KB). Loaded Objects now: 4601.
Memory consumption went from 153.6 MB to 153.4 MB.
Total: 3.650900 ms (FindLiveObjects: 0.463200 ms CreateObjectMapping: 0.254300 ms MarkObjects: 2.734200 ms  DeleteObjects: 0.197700 ms)

AssetImportParameters requested are different than current active one (requested -> active):
  custom:container-demuxer-ogg: 62fdf1f143b41e24485cea50d1cbac27 -> 
  custom:video-decoder-ogg-theora: a1e56fd34408186e4bbccfd4996cb3dc -> 
  custom:framework-win-MediaFoundation: 216162199b28c13a410421893ffa2e32 -> 
  custom:CustomObjectIndexerAttribute: 9a22284fe3817be447336de3de66b15e -> 
  custom:container-demuxer-webm: 4f35f7cbe854078d1ac9338744f61a02 -> 
  custom:container-muxer-webm: aa71ff27fc2769a1b78a27578f13a17b -> 
  custom:video-decoder-webm-vp8: 9c59270c3fd7afecdb556c50c9e8de78 -> 
  custom:SearchIndexIgnoredProperties: e643bd26f0fe6173181afceb89e7c659 -> 
  custom:AudioImporter_EditorPlatform: d09bf68614088b80899f8185d706f6e7 -> 
  custom:video-encoder-webm-vp8: eb34c28f22e8b96e1ab97ce403110664 -> 
  custom:audio-decoder-ogg-vorbis: bf7c407c2cedff20999df2af8eb42d56 -> 
  custom:audio-encoder-webm-vorbis: bf7c407c2cedff20999df2af8eb42d56 -> 
========================================================================
Received Import Request.
  Time since last request: 765580.635466 seconds.
  path: Assets/CuteKawaiiGUIPack/Icons/Icons/Plants/Leaf-64.png
  artifactKey: Guid(ebc662914b7f74a79a4b5558fec94174) Importer(815301076,1909f56bfc062723c751e8b465ee728b)
Start importing Assets/CuteKawaiiGUIPack/Icons/Icons/Plants/Leaf-64.png using Guid(ebc662914b7f74a79a4b5558fec94174) Importer(815301076,1909f56bfc062723c751e8b465ee728b) [PhysX] Initialized MultithreadedTaskDispatcher with 12 workers.
[PhysX] Initialized MultithreadedTaskDispatcher with 12 workers.
 -> (artifact id: '82cf875391c5e75b0544bfd4097342df') in 0.082540 seconds
Number of updated asset objects reloaded before import = 0
Number of asset objects unloaded after import = 3
========================================================================
Received Import Request.
  Time since last request: 7.788096 seconds.
  path: Assets/CuteKawaiiGUIPack/Icons/Icons/Sealife/Jellyfish-Antenna-Cyan-64.png
  artifactKey: Guid(3f9a4b9e4fc0744619d341c6314a271a) Importer(815301076,1909f56bfc062723c751e8b465ee728b)
Start importing Assets/CuteKawaiiGUIPack/Icons/Icons/Sealife/Jellyfish-Antenna-Cyan-64.png using Guid(3f9a4b9e4fc0744619d341c6314a271a) Importer(815301076,1909f56bfc062723c751e8b465ee728b) [PhysX] Initialized MultithreadedTaskDispatcher with 12 workers.
[PhysX] Initialized MultithreadedTaskDispatcher with 12 workers.
 -> (artifact id: '513afce4d2d39f3ccf5ce1814ecdf01c') in 0.009104 seconds
Number of updated asset objects reloaded before import = 0
Number of asset objects unloaded after import = 3
========================================================================
Received Import Request.
  Time since last request: 0.838901 seconds.
  path: Assets/CuteKawaiiGUIPack/Icons/Icons/Sealife/Jellyfish-Antenna-Yellow-64.png
  artifactKey: Guid(6c6cf080a1dee46758bab8d77054192a) Importer(815301076,1909f56bfc062723c751e8b465ee728b)
Start importing Assets/CuteKawaiiGUIPack/Icons/Icons/Sealife/Jellyfish-Antenna-Yellow-64.png using Guid(6c6cf080a1dee46758bab8d77054192a) Importer(815301076,1909f56bfc062723c751e8b465ee728b) [PhysX] Initialized MultithreadedTaskDispatcher with 12 workers.
[PhysX] Initialized MultithreadedTaskDispatcher with 12 workers.
 -> (artifact id: 'ddf6c27fdd7100f7b9fe07ed4e2d301a') in 0.008732 seconds
Number of updated asset objects reloaded before import = 0
Number of asset objects unloaded after import = 3
========================================================================
Received Import Request.
  Time since last request: 3.818252 seconds.
  path: Assets/CuteKawaiiGUIPack/Demo/Sprites/Panels/Rewards-Ladder/Process/Process-Next.png
  artifactKey: Guid(5e7774663c39f4f9ebaac00cce394fa9) Importer(815301076,1909f56bfc062723c751e8b465ee728b)
Start importing Assets/CuteKawaiiGUIPack/Demo/Sprites/Panels/Rewards-Ladder/Process/Process-Next.png using Guid(5e7774663c39f4f9ebaac00cce394fa9) Importer(815301076,1909f56bfc062723c751e8b465ee728b) [PhysX] Initialized MultithreadedTaskDispatcher with 12 workers.
[PhysX] Initialized MultithreadedTaskDispatcher with 12 workers.
 -> (artifact id: '6eb14c2fbd6fd38723c1820c77a12d02') in 0.039263 seconds
Number of updated asset objects reloaded before import = 0
Number of asset objects unloaded after import = 3
========================================================================
Received Import Request.
  Time since last request: 0.114043 seconds.
  path: Assets/CuteKawaiiGUIPack/Demo/Sprites/Panels/Game/Side-Bar/Pullover.png
  artifactKey: Guid(b42c127247ded44398f79d73f33b0a06) Importer(815301076,1909f56bfc062723c751e8b465ee728b)
Start importing Assets/CuteKawaiiGUIPack/Demo/Sprites/Panels/Game/Side-Bar/Pullover.png using Guid(b42c127247ded44398f79d73f33b0a06) Importer(815301076,1909f56bfc062723c751e8b465ee728b) [PhysX] Initialized MultithreadedTaskDispatcher with 12 workers.
[PhysX] Initialized MultithreadedTaskDispatcher with 12 workers.
 -> (artifact id: '34cefacfc141a6dd349cf15ef9f153e2') in 0.010976 seconds
Number of updated asset objects reloaded before import = 0
Number of asset objects unloaded after import = 3
========================================================================
Received Import Request.
  Time since last request: 3.879917 seconds.
  path: Assets/CuteKawaiiGUIPack/Demo/Sprites/Panels/Crafting/Resources/Wood.png
  artifactKey: Guid(28c9bdecf61804229896e3ca289e8fc7) Importer(815301076,1909f56bfc062723c751e8b465ee728b)
Start importing Assets/CuteKawaiiGUIPack/Demo/Sprites/Panels/Crafting/Resources/Wood.png using Guid(28c9bdecf61804229896e3ca289e8fc7) Importer(815301076,1909f56bfc062723c751e8b465ee728b) [PhysX] Initialized MultithreadedTaskDispatcher with 12 workers.
[PhysX] Initialized MultithreadedTaskDispatcher with 12 workers.
 -> (artifact id: '41fcdc67183407679e40621cb16fd389') in 0.024852 seconds
Number of updated asset objects reloaded before import = 0
Number of asset objects unloaded after import = 3
========================================================================
Received Import Request.
  Time since last request: 0.706000 seconds.
  path: Assets/CuteKawaiiGUIPack/Demo/Sprites/Common/Shapes/Rectangle.png
  artifactKey: Guid(7ac492d69945842dcb349876f1bfb046) Importer(815301076,1909f56bfc062723c751e8b465ee728b)
Start importing Assets/CuteKawaiiGUIPack/Demo/Sprites/Common/Shapes/Rectangle.png using Guid(7ac492d69945842dcb349876f1bfb046) Importer(815301076,1909f56bfc062723c751e8b465ee728b) [PhysX] Initialized MultithreadedTaskDispatcher with 12 workers.
[PhysX] Initialized MultithreadedTaskDispatcher with 12 workers.
 -> (artifact id: 'b675a3c77cf9d6e7d4c30b4ac7d81a2d') in 0.010191 seconds
Number of updated asset objects reloaded before import = 0
Number of asset objects unloaded after import = 3
========================================================================
Received Import Request.
  Time since last request: 2.520084 seconds.
  path: Assets/CuteKawaiiGUIPack/Icons/Icons/Clothing/Ring-128.png
  artifactKey: Guid(3dd91ab4070644ecaad2dd59f07d2eec) Importer(815301076,1909f56bfc062723c751e8b465ee728b)
Start importing Assets/CuteKawaiiGUIPack/Icons/Icons/Clothing/Ring-128.png using Guid(3dd91ab4070644ecaad2dd59f07d2eec) Importer(815301076,1909f56bfc062723c751e8b465ee728b) [PhysX] Initialized MultithreadedTaskDispatcher with 12 workers.
[PhysX] Initialized MultithreadedTaskDispatcher with 12 workers.
 -> (artifact id: '681fdbd11f30ec38a58b36f9a5173a44') in 0.018929 seconds
Number of updated asset objects reloaded before import = 0
Number of asset objects unloaded after import = 3
========================================================================
Received Import Request.
  Time since last request: 0.714766 seconds.
  path: Assets/MyGame/Sprites/Cats/24.png
  artifactKey: Guid(8ff62500ffc983e48848d7790cbcd4ec) Importer(815301076,1909f56bfc062723c751e8b465ee728b)
Start importing Assets/MyGame/Sprites/Cats/24.png using Guid(8ff62500ffc983e48848d7790cbcd4ec) Importer(815301076,1909f56bfc062723c751e8b465ee728b) [PhysX] Initialized MultithreadedTaskDispatcher with 12 workers.
[PhysX] Initialized MultithreadedTaskDispatcher with 12 workers.
 -> (artifact id: '904c6d81780e4c20b829d2f61f3484e4') in 0.171948 seconds
Number of updated asset objects reloaded before import = 0
Number of asset objects unloaded after import = 3
========================================================================
Received Import Request.
  Time since last request: 0.000020 seconds.
  path: Assets/CuteKawaiiGUIPack/Icons/Icons/Plants/Acorn-100.png
  artifactKey: Guid(2c11267c35067448bbfa304bf8c86d22) Importer(815301076,1909f56bfc062723c751e8b465ee728b)
Start importing Assets/CuteKawaiiGUIPack/Icons/Icons/Plants/Acorn-100.png using Guid(2c11267c35067448bbfa304bf8c86d22) Importer(815301076,1909f56bfc062723c751e8b465ee728b) [PhysX] Initialized MultithreadedTaskDispatcher with 12 workers.
[PhysX] Initialized MultithreadedTaskDispatcher with 12 workers.
 -> (artifact id: '152b6c3c264949feda711ce30461e7e1') in 0.010617 seconds
Number of updated asset objects reloaded before import = 0
Number of asset objects unloaded after import = 3
========================================================================
Received Import Request.
  Time since last request: 0.000029 seconds.
  path: Assets/MyGame/Sprites/Cats/35.png
  artifactKey: Guid(53aa3069868d30a45b3e1ae503bd20e6) Importer(815301076,1909f56bfc062723c751e8b465ee728b)
Start importing Assets/MyGame/Sprites/Cats/35.png using Guid(53aa3069868d30a45b3e1ae503bd20e6) Importer(815301076,1909f56bfc062723c751e8b465ee728b) [PhysX] Initialized MultithreadedTaskDispatcher with 12 workers.
[PhysX] Initialized MultithreadedTaskDispatcher with 12 workers.
 -> (artifact id: 'c73e8f36451ee1d5b06e0a4215c1946a') in 0.013911 seconds
Number of updated asset objects reloaded before import = 0
Number of asset objects unloaded after import = 3
========================================================================
Received Import Request.
  Time since last request: 0.000020 seconds.
  path: Assets/CuteKawaiiGUIPack/Icons/Icons/Plants/Acorn-256.png
  artifactKey: Guid(ed73e341171f448b7960c6686fedb739) Importer(815301076,1909f56bfc062723c751e8b465ee728b)
Start importing Assets/CuteKawaiiGUIPack/Icons/Icons/Plants/Acorn-256.png using Guid(ed73e341171f448b7960c6686fedb739) Importer(815301076,1909f56bfc062723c751e8b465ee728b) [PhysX] Initialized MultithreadedTaskDispatcher with 12 workers.
[PhysX] Initialized MultithreadedTaskDispatcher with 12 workers.
 -> (artifact id: '01d09b248461175fadb97957a0931687') in 0.009989 seconds
Number of updated asset objects reloaded before import = 0
Number of asset objects unloaded after import = 3
========================================================================
Received Import Request.
  Time since last request: 0.000020 seconds.
  path: Assets/MyGame/Sprites/Cats/25.png
  artifactKey: Guid(b55eab3639194324f9a3858874ce4966) Importer(815301076,1909f56bfc062723c751e8b465ee728b)
Start importing Assets/MyGame/Sprites/Cats/25.png using Guid(b55eab3639194324f9a3858874ce4966) Importer(815301076,1909f56bfc062723c751e8b465ee728b) [PhysX] Initialized MultithreadedTaskDispatcher with 12 workers.
[PhysX] Initialized MultithreadedTaskDispatcher with 12 workers.
 -> (artifact id: '098c83d98d9fbeae2a1049576ecc1634') in 0.012128 seconds
Number of updated asset objects reloaded before import = 0
Number of asset objects unloaded after import = 3
========================================================================
Received Import Request.
  Time since last request: 0.000027 seconds.
  path: Assets/MyGame/Sprites/Cats/38.png
  artifactKey: Guid(9a2ef605dfa7ae1449b0fb8b258d5945) Importer(815301076,1909f56bfc062723c751e8b465ee728b)
Start importing Assets/MyGame/Sprites/Cats/38.png using Guid(9a2ef605dfa7ae1449b0fb8b258d5945) Importer(815301076,1909f56bfc062723c751e8b465ee728b) [PhysX] Initialized MultithreadedTaskDispatcher with 12 workers.
[PhysX] Initialized MultithreadedTaskDispatcher with 12 workers.
 -> (artifact id: '51045b3c36197117ecb4b3cd5db8f369') in 0.014326 seconds
Number of updated asset objects reloaded before import = 0
Number of asset objects unloaded after import = 3
========================================================================
Received Import Request.
  Time since last request: 0.000021 seconds.
  path: Assets/CuteKawaiiGUIPack/Icons/Icons/Weapons/Aim-64.png
  artifactKey: Guid(fa29922c5cd044de1a6f59626fb6fdd5) Importer(815301076,1909f56bfc062723c751e8b465ee728b)
Start importing Assets/CuteKawaiiGUIPack/Icons/Icons/Weapons/Aim-64.png using Guid(fa29922c5cd044de1a6f59626fb6fdd5) Importer(815301076,1909f56bfc062723c751e8b465ee728b) [PhysX] Initialized MultithreadedTaskDispatcher with 12 workers.
[PhysX] Initialized MultithreadedTaskDispatcher with 12 workers.
 -> (artifact id: 'bb6359112e97f158fa6bfce1164df3b6') in 0.009106 seconds
Number of updated asset objects reloaded before import = 0
Number of asset objects unloaded after import = 3
========================================================================
Received Import Request.
  Time since last request: 0.000022 seconds.
  path: Assets/MyGame/Sprites/Cats/26.png
  artifactKey: Guid(e84624d31166afc43848ae24a9e57c8e) Importer(815301076,1909f56bfc062723c751e8b465ee728b)
Start importing Assets/MyGame/Sprites/Cats/26.png using Guid(e84624d31166afc43848ae24a9e57c8e) Importer(815301076,1909f56bfc062723c751e8b465ee728b) [PhysX] Initialized MultithreadedTaskDispatcher with 12 workers.
[PhysX] Initialized MultithreadedTaskDispatcher with 12 workers.
 -> (artifact id: 'a482ea68bfb8d4e3a0b9616ec24ba344') in 0.014335 seconds
Number of updated asset objects reloaded before import = 0
Number of asset objects unloaded after import = 3
========================================================================
Received Import Request.
  Time since last request: 0.000024 seconds.
  path: Assets/MyGame/Sprites/Cats/30.png
  artifactKey: Guid(f66333a334ad6154b8118249b7a01140) Importer(815301076,1909f56bfc062723c751e8b465ee728b)
Start importing Assets/MyGame/Sprites/Cats/30.png using Guid(f66333a334ad6154b8118249b7a01140) Importer(815301076,1909f56bfc062723c751e8b465ee728b) [PhysX] Initialized MultithreadedTaskDispatcher with 12 workers.
[PhysX] Initialized MultithreadedTaskDispatcher with 12 workers.
 -> (artifact id: 'f2d7090f78be3232ae9e041a7d973162') in 0.012272 seconds
Number of updated asset objects reloaded before import = 0
Number of asset objects unloaded after import = 3
========================================================================
Received Import Request.
  Time since last request: 1.094718 seconds.
  path: Assets/CuteKawaiiGUIPack/Icons/Icons/Fruits/Apple-100.png
  artifactKey: Guid(5e164d4d0b1da4ba28eee97593dcb68b) Importer(815301076,1909f56bfc062723c751e8b465ee728b)
Start importing Assets/CuteKawaiiGUIPack/Icons/Icons/Fruits/Apple-100.png using Guid(5e164d4d0b1da4ba28eee97593dcb68b) Importer(815301076,1909f56bfc062723c751e8b465ee728b) [PhysX] Initialized MultithreadedTaskDispatcher with 12 workers.
[PhysX] Initialized MultithreadedTaskDispatcher with 12 workers.
 -> (artifact id: 'a3acf54f6a6a87a9669909fa9705c5f9') in 0.008774 seconds
Number of updated asset objects reloaded before import = 0
Number of asset objects unloaded after import = 3
========================================================================
Received Import Request.
  Time since last request: 1.111547 seconds.
  path: Assets/CuteKawaiiGUIPack/Icons/Icons/Arrows/Arrow-Complete-Left-Blue-80.png
  artifactKey: Guid(9ac836fa08da74005bc4c2580b96ae5f) Importer(815301076,1909f56bfc062723c751e8b465ee728b)
Start importing Assets/CuteKawaiiGUIPack/Icons/Icons/Arrows/Arrow-Complete-Left-Blue-80.png using Guid(9ac836fa08da74005bc4c2580b96ae5f) Importer(815301076,1909f56bfc062723c751e8b465ee728b) [PhysX] Initialized MultithreadedTaskDispatcher with 12 workers.
[PhysX] Initialized MultithreadedTaskDispatcher with 12 workers.
 -> (artifact id: 'ca13827413a031cf633d3b4f0a26a102') in 0.008697 seconds
Number of updated asset objects reloaded before import = 0
Number of asset objects unloaded after import = 3
========================================================================
Received Import Request.
  Time since last request: 0.628483 seconds.
  path: Assets/MyGame/Sprites/6.png
  artifactKey: Guid(3408f19dff7ec6b48b9e47b0959a05d5) Importer(815301076,1909f56bfc062723c751e8b465ee728b)
Start importing Assets/MyGame/Sprites/6.png using Guid(3408f19dff7ec6b48b9e47b0959a05d5) Importer(815301076,1909f56bfc062723c751e8b465ee728b) [PhysX] Initialized MultithreadedTaskDispatcher with 12 workers.
[PhysX] Initialized MultithreadedTaskDispatcher with 12 workers.
 -> (artifact id: 'b8258c6ff46723f2d9fb043c66072e4d') in 0.112038 seconds
Number of updated asset objects reloaded before import = 0
Number of asset objects unloaded after import = 3
========================================================================
Received Import Request.
  Time since last request: 0.000029 seconds.
  path: Assets/MyGame/Sprites/Cats/7.png
  artifactKey: Guid(b7f2715782036464ebf7001e0cdb164f) Importer(815301076,1909f56bfc062723c751e8b465ee728b)
Start importing Assets/MyGame/Sprites/Cats/7.png using Guid(b7f2715782036464ebf7001e0cdb164f) Importer(815301076,1909f56bfc062723c751e8b465ee728b) [PhysX] Initialized MultithreadedTaskDispatcher with 12 workers.
[PhysX] Initialized MultithreadedTaskDispatcher with 12 workers.
 -> (artifact id: 'cc8e122441b2366b59e884ae67609861') in 0.011900 seconds
Number of updated asset objects reloaded before import = 0
Number of asset objects unloaded after import = 3
========================================================================
Received Import Request.
  Time since last request: 0.000028 seconds.
  path: Assets/MyGame/Sprites/8.png
  artifactKey: Guid(4cf80cc318a521f43a9fcc130b87b9b2) Importer(815301076,1909f56bfc062723c751e8b465ee728b)
Start importing Assets/MyGame/Sprites/8.png using Guid(4cf80cc318a521f43a9fcc130b87b9b2) Importer(815301076,1909f56bfc062723c751e8b465ee728b) [PhysX] Initialized MultithreadedTaskDispatcher with 12 workers.
[PhysX] Initialized MultithreadedTaskDispatcher with 12 workers.
 -> (artifact id: '129e402d835d38dcfad72195bc5dd09f') in 0.012029 seconds
Number of updated asset objects reloaded before import = 0
Number of asset objects unloaded after import = 3
========================================================================
Received Import Request.
  Time since last request: 0.000021 seconds.
  path: Assets/MyGame/Sprites/Cats/15.png
  artifactKey: Guid(104765259c7b63a479a393b2215854c2) Importer(815301076,1909f56bfc062723c751e8b465ee728b)
Start importing Assets/MyGame/Sprites/Cats/15.png using Guid(104765259c7b63a479a393b2215854c2) Importer(815301076,1909f56bfc062723c751e8b465ee728b) [PhysX] Initialized MultithreadedTaskDispatcher with 12 workers.
[PhysX] Initialized MultithreadedTaskDispatcher with 12 workers.
 -> (artifact id: '680c5a9609f6fc3f23af542f8b83cc34') in 0.148971 seconds
Number of updated asset objects reloaded before import = 0
Number of asset objects unloaded after import = 3
========================================================================
Received Import Request.
  Time since last request: 0.000024 seconds.
  path: Assets/MyGame/Sprites/Cats/1.png
  artifactKey: Guid(fef67979b4b7e284889d69c4c4364c18) Importer(815301076,1909f56bfc062723c751e8b465ee728b)
Start importing Assets/MyGame/Sprites/Cats/1.png using Guid(fef67979b4b7e284889d69c4c4364c18) Importer(815301076,1909f56bfc062723c751e8b465ee728b) [PhysX] Initialized MultithreadedTaskDispatcher with 12 workers.
[PhysX] Initialized MultithreadedTaskDispatcher with 12 workers.
 -> (artifact id: '258a38d870b6d32f30ea7e86ed6e07cf') in 0.012945 seconds
Number of updated asset objects reloaded before import = 0
Number of asset objects unloaded after import = 3
========================================================================
Received Import Request.
  Time since last request: 0.000019 seconds.
  path: Assets/MyGame/Sprites/Cats/14.png
  artifactKey: Guid(df611e6003d475e4588dcaa5ef0a403d) Importer(815301076,1909f56bfc062723c751e8b465ee728b)
Start importing Assets/MyGame/Sprites/Cats/14.png using Guid(df611e6003d475e4588dcaa5ef0a403d) Importer(815301076,1909f56bfc062723c751e8b465ee728b) [PhysX] Initialized MultithreadedTaskDispatcher with 12 workers.
[PhysX] Initialized MultithreadedTaskDispatcher with 12 workers.
 -> (artifact id: 'b7de1099a472b65ee2ccacb1bf3849ef') in 0.012350 seconds
Number of updated asset objects reloaded before import = 0
Number of asset objects unloaded after import = 3
========================================================================
Received Import Request.
  Time since last request: 0.000018 seconds.
  path: Assets/MyGame/Sprites/Cats/12.png
  artifactKey: Guid(e493873bab2885844be65adc239c04ff) Importer(815301076,1909f56bfc062723c751e8b465ee728b)
Start importing Assets/MyGame/Sprites/Cats/12.png using Guid(e493873bab2885844be65adc239c04ff) Importer(815301076,1909f56bfc062723c751e8b465ee728b) [PhysX] Initialized MultithreadedTaskDispatcher with 12 workers.
[PhysX] Initialized MultithreadedTaskDispatcher with 12 workers.
 -> (artifact id: '4fa76c16c3a645190d476381f9e1e20e') in 0.013510 seconds
Number of updated asset objects reloaded before import = 0
Number of asset objects unloaded after import = 3
========================================================================
Received Import Request.
  Time since last request: 0.000023 seconds.
  path: Assets/MyGame/Sprites/Cats/11.png
  artifactKey: Guid(740dd0bf102fb3144973a4081084d2f2) Importer(815301076,1909f56bfc062723c751e8b465ee728b)
Start importing Assets/MyGame/Sprites/Cats/11.png using Guid(740dd0bf102fb3144973a4081084d2f2) Importer(815301076,1909f56bfc062723c751e8b465ee728b) [PhysX] Initialized MultithreadedTaskDispatcher with 12 workers.
[PhysX] Initialized MultithreadedTaskDispatcher with 12 workers.
 -> (artifact id: 'cebb02889245d2fb3634a7e8410aa706') in 0.012243 seconds
Number of updated asset objects reloaded before import = 0
Number of asset objects unloaded after import = 3
========================================================================
Received Import Request.
  Time since last request: 0.000027 seconds.
  path: Assets/MyGame/Sprites/Cats/9.png
  artifactKey: Guid(c86199f8c3b68b84b8e682b3dd0c4693) Importer(815301076,1909f56bfc062723c751e8b465ee728b)
Start importing Assets/MyGame/Sprites/Cats/9.png using Guid(c86199f8c3b68b84b8e682b3dd0c4693) Importer(815301076,1909f56bfc062723c751e8b465ee728b) [PhysX] Initialized MultithreadedTaskDispatcher with 12 workers.
[PhysX] Initialized MultithreadedTaskDispatcher with 12 workers.
 -> (artifact id: '350794ebd54b75ddfd6f3dcfa526511f') in 0.012330 seconds
Number of updated asset objects reloaded before import = 0
Number of asset objects unloaded after import = 3
========================================================================
Received Import Request.
  Time since last request: 0.000018 seconds.
  path: Assets/MyGame/Sprites/9.png
  artifactKey: Guid(46d3b544d507f79469325e7d3a53185e) Importer(815301076,1909f56bfc062723c751e8b465ee728b)
Start importing Assets/MyGame/Sprites/9.png using Guid(46d3b544d507f79469325e7d3a53185e) Importer(815301076,1909f56bfc062723c751e8b465ee728b) [PhysX] Initialized MultithreadedTaskDispatcher with 12 workers.
[PhysX] Initialized MultithreadedTaskDispatcher with 12 workers.
 -> (artifact id: 'daeaf275f4ce0576c3a8b48e5951788f') in 0.011607 seconds
Number of updated asset objects reloaded before import = 0
Number of asset objects unloaded after import = 3
========================================================================
Received Import Request.
  Time since last request: 0.045843 seconds.
  path: Assets/MyGame/Sprites/Cats/5.png
  artifactKey: Guid(ac04decff23d60148af2e326014fe7d8) Importer(815301076,1909f56bfc062723c751e8b465ee728b)
Start importing Assets/MyGame/Sprites/Cats/5.png using Guid(ac04decff23d60148af2e326014fe7d8) Importer(815301076,1909f56bfc062723c751e8b465ee728b) [PhysX] Initialized MultithreadedTaskDispatcher with 12 workers.
[PhysX] Initialized MultithreadedTaskDispatcher with 12 workers.
 -> (artifact id: 'dae1c3338e759d602724dbb373924144') in 0.022655 seconds
Number of updated asset objects reloaded before import = 0
Number of asset objects unloaded after import = 3
========================================================================
Received Import Request.
  Time since last request: 19.258270 seconds.
  path: Assets/CuteKawaiiGUIPack/Demo/Fonts/Dosis-ExtraBold SDF Outline-Berry.asset
  artifactKey: Guid(44dfba111c6934a8eb1a4a8a7b424508) Importer(815301076,1909f56bfc062723c751e8b465ee728b)
Start importing Assets/CuteKawaiiGUIPack/Demo/Fonts/Dosis-ExtraBold SDF Outline-Berry.asset using Guid(44dfba111c6934a8eb1a4a8a7b424508) Importer(815301076,1909f56bfc062723c751e8b465ee728b) [PhysX] Initialized MultithreadedTaskDispatcher with 12 workers.
[PhysX] Initialized MultithreadedTaskDispatcher with 12 workers.
[PhysX] Initialized MultithreadedTaskDispatcher with 12 workers.
 -> (artifact id: '9b72c17166ad22db34bce984db246b73') in 0.460607 seconds
Number of updated asset objects reloaded before import = 0
Number of asset objects unloaded after import = 6
========================================================================
Received Import Request.
  Time since last request: 0.000031 seconds.
  path: Assets/CuteKawaiiGUIPack/Demo/Fonts/Dosis-ExtraBold SDF Outline-Purple.asset
  artifactKey: Guid(01cd9b3b657fa47ee8af00751b28664a) Importer(815301076,1909f56bfc062723c751e8b465ee728b)
Start importing Assets/CuteKawaiiGUIPack/Demo/Fonts/Dosis-ExtraBold SDF Outline-Purple.asset using Guid(01cd9b3b657fa47ee8af00751b28664a) Importer(815301076,1909f56bfc062723c751e8b465ee728b) [PhysX] Initialized MultithreadedTaskDispatcher with 12 workers.
[PhysX] Initialized MultithreadedTaskDispatcher with 12 workers.
[PhysX] Initialized MultithreadedTaskDispatcher with 12 workers.
 -> (artifact id: '5b8a8ae31400ec0d185fd6d5376da0ac') in 0.020781 seconds
Number of updated asset objects reloaded before import = 0
Number of asset objects unloaded after import = 6
========================================================================
Received Import Request.
  Time since last request: 0.000029 seconds.
  path: Assets/CuteKawaiiGUIPack/Demo/Fonts/Dosis-ExtraBold SDF Outline-Orange.asset
  artifactKey: Guid(ef2dfa026b5104e3d9276aa2884168ad) Importer(815301076,1909f56bfc062723c751e8b465ee728b)
Start importing Assets/CuteKawaiiGUIPack/Demo/Fonts/Dosis-ExtraBold SDF Outline-Orange.asset using Guid(ef2dfa026b5104e3d9276aa2884168ad) Importer(815301076,1909f56bfc062723c751e8b465ee728b) [PhysX] Initialized MultithreadedTaskDispatcher with 12 workers.
[PhysX] Initialized MultithreadedTaskDispatcher with 12 workers.
[PhysX] Initialized MultithreadedTaskDispatcher with 12 workers.
 -> (artifact id: '4b7b4a1197f91086549cbf1fa15b01c4') in 0.019291 seconds
Number of updated asset objects reloaded before import = 0
Number of asset objects unloaded after import = 6
========================================================================
Received Import Request.
  Time since last request: 0.000032 seconds.
  path: Assets/CuteKawaiiGUIPack/Demo/Fonts/Dosis-ExtraBold SDF Outline-Violet.asset
  artifactKey: Guid(bcd089187fb514253831dbc04f3d75b5) Importer(815301076,1909f56bfc062723c751e8b465ee728b)
Start importing Assets/CuteKawaiiGUIPack/Demo/Fonts/Dosis-ExtraBold SDF Outline-Violet.asset using Guid(bcd089187fb514253831dbc04f3d75b5) Importer(815301076,1909f56bfc062723c751e8b465ee728b) [PhysX] Initialized MultithreadedTaskDispatcher with 12 workers.
[PhysX] Initialized MultithreadedTaskDispatcher with 12 workers.
[PhysX] Initialized MultithreadedTaskDispatcher with 12 workers.
 -> (artifact id: 'd7fba4d675236939ccdea175f918a86e') in 0.019450 seconds
Number of updated asset objects reloaded before import = 0
Number of asset objects unloaded after import = 6
========================================================================
Received Import Request.
  Time since last request: 0.000018 seconds.
  path: Assets/TextMesh Pro/Resources/Fonts & Materials/LiberationSans SDF - Fallback.asset
  artifactKey: Guid(2e498d1c8094910479dc3e1b768306a4) Importer(815301076,1909f56bfc062723c751e8b465ee728b)
Start importing Assets/TextMesh Pro/Resources/Fonts & Materials/LiberationSans SDF - Fallback.asset using Guid(2e498d1c8094910479dc3e1b768306a4) Importer(815301076,1909f56bfc062723c751e8b465ee728b) [PhysX] Initialized MultithreadedTaskDispatcher with 12 workers.
[PhysX] Initialized MultithreadedTaskDispatcher with 12 workers.
[PhysX] Initialized MultithreadedTaskDispatcher with 12 workers.
 -> (artifact id: '2661cb96e91e72d816697b02a4edf4d0') in 0.110719 seconds
Number of updated asset objects reloaded before import = 0
Number of asset objects unloaded after import = 6
========================================================================
Received Import Request.
  Time since last request: 0.000051 seconds.
  path: Assets/CuteKawaiiGUIPack/Demo/Fonts/Dosis-ExtraBold SDF Outline-Teal.asset
  artifactKey: Guid(b413c156577d44058b0b2b67d3455c41) Importer(815301076,1909f56bfc062723c751e8b465ee728b)
Start importing Assets/CuteKawaiiGUIPack/Demo/Fonts/Dosis-ExtraBold SDF Outline-Teal.asset using Guid(b413c156577d44058b0b2b67d3455c41) Importer(815301076,1909f56bfc062723c751e8b465ee728b) [PhysX] Initialized MultithreadedTaskDispatcher with 12 workers.
[PhysX] Initialized MultithreadedTaskDispatcher with 12 workers.
[PhysX] Initialized MultithreadedTaskDispatcher with 12 workers.
 -> (artifact id: '98945faf70659595bcfdbe6da8becbc1') in 0.023476 seconds
Number of updated asset objects reloaded before import = 0
Number of asset objects unloaded after import = 6
========================================================================
Received Import Request.
  Time since last request: 0.000027 seconds.
  path: Assets/CuteKawaiiGUIPack/Demo/Fonts/Dosis-ExtraBold SDF Outline-Lime.asset
  artifactKey: Guid(4120190db397e4f9b840e92832895265) Importer(815301076,1909f56bfc062723c751e8b465ee728b)
Start importing Assets/CuteKawaiiGUIPack/Demo/Fonts/Dosis-ExtraBold SDF Outline-Lime.asset using Guid(4120190db397e4f9b840e92832895265) Importer(815301076,1909f56bfc062723c751e8b465ee728b) [PhysX] Initialized MultithreadedTaskDispatcher with 12 workers.
[PhysX] Initialized MultithreadedTaskDispatcher with 12 workers.
[PhysX] Initialized MultithreadedTaskDispatcher with 12 workers.
 -> (artifact id: '2036b5e968da95fb4040775ac42f72cf') in 0.023452 seconds
Number of updated asset objects reloaded before import = 0
Number of asset objects unloaded after import = 6
========================================================================
Received Import Request.
  Time since last request: 74.573384 seconds.
  path: Assets/CuteKawaiiGUIPack/Demo/Fonts/Dosis-ExtraBold.ttf
  artifactKey: Guid(2ea1a40dae13d4d389bade8f79db2ea8) Importer(815301076,1909f56bfc062723c751e8b465ee728b)
Start importing Assets/CuteKawaiiGUIPack/Demo/Fonts/Dosis-ExtraBold.ttf using Guid(2ea1a40dae13d4d389bade8f79db2ea8) Importer(815301076,1909f56bfc062723c751e8b465ee728b) [PhysX] Initialized MultithreadedTaskDispatcher with 12 workers.
[PhysX] Initialized MultithreadedTaskDispatcher with 12 workers.
[PhysX] Initialized MultithreadedTaskDispatcher with 12 workers.
 -> (artifact id: '2cad65665e86f5ccbbee5889d0f5d853') in 0.036501 seconds
Number of updated asset objects reloaded before import = 0
Number of asset objects unloaded after import = 4
========================================================================
Received Import Request.
  Time since last request: 0.000024 seconds.
  path: Assets/TextMesh Pro/Fonts/LiberationSans.ttf
  artifactKey: Guid(e3265ab4bf004d28a9537516768c1c75) Importer(815301076,1909f56bfc062723c751e8b465ee728b)
Start importing Assets/TextMesh Pro/Fonts/LiberationSans.ttf using Guid(e3265ab4bf004d28a9537516768c1c75) Importer(815301076,1909f56bfc062723c751e8b465ee728b) [PhysX] Initialized MultithreadedTaskDispatcher with 12 workers.
[PhysX] Initialized MultithreadedTaskDispatcher with 12 workers.
[PhysX] Initialized MultithreadedTaskDispatcher with 12 workers.
 -> (artifact id: '47c678ff71a9e350fe6711b2ead8fc2e') in 0.079127 seconds
Number of updated asset objects reloaded before import = 0
Number of asset objects unloaded after import = 4
